1.00000e+00 0.00000e+00 0.00000e+00 0.00000e+00
2.00000e+00 0.00000e+00 0.00000e+00 0.00000e+00
3.00000e+00 0.00000e+00 0.00000e+00 0.00000e+00
4.00000e+00 0.00000e+00 0.00000e+00 0.00000e+00
5.00000e+00 0.00000e+00 0.00000e+00 0.00000e+00
6.00000e+00 0.00000e+00 0.00000e+00 0.00000e+00
7.00000e+00 0.00000e+00 0.00000e+00 0.00000e+00
8.00000e+00 0.00000e+00 0.00000e+00 0.00000e+00
9.00000e+00 0.00000e+00 0.00000e+00 0.00000e+00
1.00000e+01 0.00000e+00 0.00000e+00 0.00000e+00
1.10000e+01 0.00000e+00 0.00000e+00 0.00000e+00
1.20000e+01 0.00000e+00 0.00000e+00 0.00000e+00
1.30000e+01 -5.58775e-06 -3.79507e-03 -1.56857e-07
1.40000e+01 -3.02709e-06 -3.79507e-03 -5.23785e-09
1.50000e+01 3.02709e-06 -3.79507e-03 5.23785e-09
1.60000e+01 5.58775e-06 -3.79507e-03 1.56857e-07
1.70000e+01 -5.58226e-06 -2.08345e-16 2.85488e-18
1.80000e+01 -3.02708e-06 -2.09314e-16 6.60865e-20
1.90000e+01 3.02708e-06 -2.10298e-16 -9.63179e-20
2.00000e+01 5.58226e-06 -2.08395e-16 -2.92351e-18
2.10000e+01 -5.58775e-06 3.79507e-03 1.56857e-07
2.20000e+01 -3.02709e-06 3.79507e-03 5.23785e-09
2.30000e+01 3.02709e-06 3.79507e-03 -5.23785e-09
2.40000e+01 5.58775e-06 3.79507e-03 -1.56857e-07
2.50000e+01 -1.07359e-05 -7.28798e-03 -2.61282e-07
2.60000e+01 -5.81463e-06 -7.28798e-03 -9.84458e-09
2.70000e+01 5.81463e-06 -7.28798e-03 9.84458e-09
2.80000e+01 1.07359e-05 -7.28798e-03 2.61282e-07
2.90000e+01 -1.07254e-05 -4.41231e-16 7.13033e-18
3.00000e+01 -5.81462e-06 -4.40475e-16 6.89575e-20
3.10000e+01 5.81462e-06 -4.43759e-16 -1.17188e-19
3.20000e+01 1.07254e-05 -4.43753e-16 -7.31271e-18
3.30000e+01 -1.07359e-05 7.28798e-03 2.61282e-07
3.40000e+01 -5.81463e-06 7.28798e-03 9.84458e-09
3.50000e+01 5.81463e-06 7.28798e-03 -9.84458e-09
3.60000e+01 1.07359e-05 7.28798e-03 -2.61282e-07
3.70000e+01 -1.50138e-05 -1.01902e-02 -3.20754e-07
3.80000e+01 -8.13085e-06 -1.01902e-02 -1.34597e-08
3.90000e+01 8.13085e-06 -1.01902e-02 1.34597e-08
4.00000e+01 1.50138e-05 -1.01902e-02 3.20754e-07
4.10000e+01 -1.49991e-05 -3.73256e-16 1.19915e-17
4.20000e+01 -8.13083e-06 -3.70460e-16 2.30163e-21
4.30000e+01 8.13083e-06 -3.66585e-16 -8.99840e-20
4.40000e+01 1.49991e-05 -3.73627e-16 -1.21301e-17
4.50000e+01 -1.50138e-05 1.01902e-02 3.20754e-07
4.60000e+01 -8.13085e-06 1.01902e-02 1.34597e-08
4.70000e+01 8.13085e-06 1.01902e-02 -1.34597e-08
4.80000e+01 1.50138e-05 1.01902e-02 -3.20754e-07
4.90000e+01 -1.80743e-05 -1.22664e-02 -3.46206e-07
5.00000e+01 -9.78792e-06 -1.22664e-02 -1.59013e-08
5.10000e+01 9.78792e-06 -1.22664e-02 1.59013e-08
5.20000e+01 1.80743e-05 -1.22664e-02 3.46206e-07
5.30000e+01 -1.80566e-05 -3.92988e-18 1.57003e-17
5.40000e+01 -9.78790e-06 1.73348e-19 -8.03806e-20
5.50000e+01 9.78790e-06 6.19581e-18 -4.52528e-20
5.60000e+01 1.80566e-05 3.70105e-18 -1.57515e-17
5.70000e+01 -1.80743e-05 1.22664e-02 3.46206e-07
5.80000e+01 -9.78792e-06 1.22664e-02 1.59013e-08
5.90000e+01 9.78792e-06 1.22664e-02 -1.59013e-08
6.00000e+01 1.80743e-05 1.22664e-02 -3.46206e-07
6.10000e+01 -1.96694e-05 -1.33483e-02 -3.51263e-07
6.20000e+01 -1.06515e-05 -1.33483e-02 -1.71151e-08
6.30000e+01 1.06515e-05 -1.33483e-02 1.71151e-08
6.40000e+01 1.96694e-05 -1.33483e-02 3.51263e-07
6.50000e+01 -1.96501e-05 4.28440e-16 1.74367e-17
6.60000e+01 -1.06515e-05 4.29716e-16 -1.16574e-19
6.70000e+01 1.06515e-05 4.29685e-16 5.42844e-20
6.80000e+01 1.96501e-05 4.33328e-16 -1.74895e-17
6.90000e+01 -1.96694e-05 1.33483e-02 3.51263e-07
7.00000e+01 -1.06515e-05 1.33483e-02 1.71151e-08
7.10000e+01 1.06515e-05 1.33483e-02 -1.71151e-08
7.20000e+01 1.96694e-05 1.33483e-02 -3.51263e-07
