1.00000e+00 0.00000e+00 0.00000e+00 0.00000e+00
2.00000e+00 0.00000e+00 0.00000e+00 0.00000e+00
3.00000e+00 0.00000e+00 0.00000e+00 0.00000e+00
4.00000e+00 0.00000e+00 0.00000e+00 0.00000e+00
5.00000e+00 0.00000e+00 0.00000e+00 0.00000e+00
6.00000e+00 0.00000e+00 0.00000e+00 0.00000e+00
7.00000e+00 0.00000e+00 0.00000e+00 0.00000e+00
8.00000e+00 0.00000e+00 0.00000e+00 0.00000e+00
9.00000e+00 0.00000e+00 0.00000e+00 0.00000e+00
1.00000e+01 0.00000e+00 0.00000e+00 0.00000e+00
1.10000e+01 0.00000e+00 0.00000e+00 0.00000e+00
1.20000e+01 0.00000e+00 0.00000e+00 0.00000e+00
1.30000e+01 -1.56210e-03 -3.84214e-18 -5.48479e-05
1.40000e+01 -1.56210e-03 -3.83537e-18 -5.48479e-05
1.50000e+01 -1.56210e-03 -3.59820e-18 -5.48479e-05
1.60000e+01 -1.56210e-03 -3.51010e-18 -5.48479e-05
1.70000e+01 -1.56664e-03 -3.63885e-18 -2.18323e-19
1.80000e+01 -1.56664e-03 -3.72694e-18 -8.87697e-20
1.90000e+01 -1.56664e-03 -3.69306e-18 -8.53353e-20
2.00000e+01 -1.56664e-03 -4.11997e-18 1.22820e-20
2.10000e+01 -1.56210e-03 -3.42879e-18 5.48479e-05
2.20000e+01 -1.56210e-03 -3.08320e-18 5.48479e-05
2.30000e+01 -1.56210e-03 -3.41524e-18 5.48479e-05
2.40000e+01 -1.56210e-03 -4.37069e-18 5.48479e-05
2.50000e+01 -4.57368e-03 -1.08285e-17 -9.79721e-05
2.60000e+01 -4.57368e-03 -1.15196e-17 -9.79721e-05
2.70000e+01 -4.57368e-03 -1.04490e-17 -9.79721e-05
2.80000e+01 -4.57368e-03 -1.02864e-17 -9.79721e-05
2.90000e+01 -4.57377e-03 -1.03406e-17 1.77835e-18
3.00000e+01 -4.57377e-03 -1.06116e-17 1.98541e-18
3.10000e+01 -4.57377e-03 -8.86335e-18 1.97753e-18
3.20000e+01 -4.57377e-03 -1.10860e-17 2.15104e-18
3.30000e+01 -4.57368e-03 -9.77137e-18 9.79721e-05
3.40000e+01 -4.57368e-03 -9.18861e-18 9.79721e-05
3.50000e+01 -4.57368e-03 -1.07607e-17 9.79721e-05
3.60000e+01 -4.57368e-03 -1.05710e-17 9.79721e-05
3.70000e+01 -7.68298e-03 -1.82688e-17 -1.26717e-04
3.80000e+01 -7.68298e-03 -1.74557e-17 -1.26717e-04
3.90000e+01 -7.68298e-03 -1.58565e-17 -1.26717e-04
4.00000e+01 -7.68298e-03 -1.65883e-17 -1.26717e-04
4.10000e+01 -7.68077e-03 -1.86212e-17 3.35256e-18
4.20000e+01 -7.68077e-03 -2.13317e-17 3.65152e-18
4.30000e+01 -7.68077e-03 -1.91091e-17 3.62112e-18
4.40000e+01 -7.68077e-03 -1.75099e-17 3.85908e-18
4.50000e+01 -7.68298e-03 -1.88109e-17 1.26717e-04
4.60000e+01 -7.68298e-03 -1.85941e-17 1.26717e-04
4.70000e+01 -7.68298e-03 -2.11148e-17 1.26717e-04
4.80000e+01 -7.68298e-03 -2.01120e-17 1.26717e-04
4.90000e+01 -1.02546e-02 -2.19551e-17 -1.42545e-04
5.00000e+01 -1.02546e-02 -2.09793e-17 -1.42545e-04
5.10000e+01 -1.02546e-02 -2.50451e-17 -1.42545e-04
5.20000e+01 -1.02546e-02 -2.31477e-17 -1.42545e-04
5.30000e+01 -1.02545e-02 -2.23888e-17 2.62411e-18
5.40000e+01 -1.02545e-02 -2.71051e-17 2.93623e-18
5.50000e+01 -1.02545e-02 -2.89482e-17 2.87589e-18
5.60000e+01 -1.02545e-02 -2.83519e-17 3.14165e-18
5.70000e+01 -1.02546e-02 -2.55330e-17 1.42545e-04
5.80000e+01 -1.02546e-02 -2.34730e-17 1.42545e-04
5.90000e+01 -1.02546e-02 -2.33646e-17 1.42545e-04
6.00000e+01 -1.02546e-02 -2.25514e-17 1.42545e-04
6.10000e+01 -1.20770e-02 -2.41235e-17 -1.48760e-04
6.20000e+01 -1.20770e-02 -2.62377e-17 -1.48760e-04
6.30000e+01 -1.20770e-02 -2.34730e-17 -1.48760e-04
6.40000e+01 -1.20770e-02 -2.73219e-17 -1.48760e-04
6.50000e+01 -1.20699e-02 -3.25803e-17 1.99773e-18
6.60000e+01 -1.20699e-02 -3.43692e-17 2.34778e-18
6.70000e+01 -1.20699e-02 -3.27429e-17 2.28511e-18
6.80000e+01 -1.20699e-02 -3.22550e-17 2.59404e-18
6.90000e+01 -1.20770e-02 -2.66172e-17 1.48760e-04
7.00000e+01 -1.20770e-02 -2.69424e-17 1.48760e-04
7.10000e+01 -1.20770e-02 -3.05745e-17 1.48760e-04
7.20000e+01 -1.20770e-02 -3.00866e-17 1.48760e-04
