1.00000e+00 0.00000e+00 0.00000e+00 0.00000e+00
2.00000e+00 0.00000e+00 0.00000e+00 0.00000e+00
3.00000e+00 0.00000e+00 0.00000e+00 0.00000e+00
4.00000e+00 0.00000e+00 0.00000e+00 0.00000e+00
5.00000e+00 0.00000e+00 0.00000e+00 0.00000e+00
6.00000e+00 0.00000e+00 0.00000e+00 0.00000e+00
7.00000e+00 0.00000e+00 0.00000e+00 0.00000e+00
8.00000e+00 0.00000e+00 0.00000e+00 0.00000e+00
9.00000e+00 0.00000e+00 0.00000e+00 0.00000e+00
1.00000e+01 0.00000e+00 0.00000e+00 0.00000e+00
1.10000e+01 0.00000e+00 0.00000e+00 0.00000e+00
1.20000e+01 0.00000e+00 0.00000e+00 0.00000e+00
1.30000e+01 4.04620e-03 -5.47256e-06 2.68468e-07
1.40000e+01 1.67599e-03 -5.47983e-06 1.11289e-07
1.50000e+01 -1.67599e-03 -5.47983e-06 -1.11289e-07
1.60000e+01 -4.04620e-03 -5.47256e-06 -2.68468e-07
1.70000e+01 4.04620e-03 -2.11016e-18 2.44430e-20
1.80000e+01 1.67599e-03 -2.42893e-18 -1.40882e-20
1.90000e+01 -1.67599e-03 -1.88181e-18 -7.84528e-21
2.00000e+01 -4.04620e-03 -3.12562e-18 -3.68607e-20
2.10000e+01 4.04620e-03 5.47256e-06 -2.68468e-07
2.20000e+01 1.67599e-03 5.47983e-06 -1.11289e-07
2.30000e+01 -1.67599e-03 5.47983e-06 1.11289e-07
2.40000e+01 -4.04620e-03 5.47256e-06 2.68468e-07
2.50000e+01 7.77359e-03 -1.05093e-05 4.47994e-07
2.60000e+01 3.21992e-03 -1.05232e-05 1.85707e-07
2.70000e+01 -3.21992e-03 -1.05232e-05 -1.85707e-07
2.80000e+01 -7.77359e-03 -1.05093e-05 -4.47994e-07
2.90000e+01 7.77359e-03 -7.40495e-18 6.19841e-20
3.00000e+01 3.21992e-03 -7.06418e-18 -3.34986e-20
3.10000e+01 -3.21992e-03 -4.75726e-18 -4.56388e-21
3.20000e+01 -7.77359e-03 -7.09976e-18 -2.54921e-20
3.30000e+01 7.77359e-03 1.05093e-05 -4.47994e-07
3.40000e+01 3.21992e-03 1.05232e-05 -1.85707e-07
3.50000e+01 -3.21992e-03 1.05232e-05 1.85707e-07
3.60000e+01 -7.77359e-03 1.05093e-05 4.47994e-07
3.70000e+01 1.08707e-02 -1.46941e-05 5.50934e-07
3.80000e+01 4.50279e-03 -1.47136e-05 2.28376e-07
3.90000e+01 -4.50279e-03 -1.47136e-05 -2.28376e-07
4.00000e+01 -1.08707e-02 -1.46941e-05 -5.50934e-07
4.10000e+01 1.08707e-02 -6.74713e-19 4.60919e-20
4.20000e+01 4.50279e-03 -3.20965e-18 -2.49818e-20
4.30000e+01 -4.50279e-03 -9.99331e-18 1.93294e-21
4.40000e+01 -1.08707e-02 -2.66119e-18 -5.61545e-20
4.50000e+01 1.08707e-02 1.46941e-05 -5.50934e-07
4.60000e+01 4.50279e-03 1.47136e-05 -2.28376e-07
4.70000e+01 -4.50279e-03 1.47136e-05 2.28376e-07
4.80000e+01 -1.08707e-02 1.46941e-05 5.50934e-07
4.90000e+01 1.30864e-02 -1.76878e-05 5.95618e-07
5.00000e+01 5.42056e-03 -1.77113e-05 2.46897e-07
5.10000e+01 -5.42056e-03 -1.77113e-05 -2.46897e-07
5.20000e+01 -1.30864e-02 -1.76878e-05 -5.95618e-07
5.30000e+01 1.30864e-02 -2.42558e-18 3.11511e-20
5.40000e+01 5.42056e-03 -4.88352e-18 -4.31007e-21
5.50000e+01 -5.42056e-03 -1.17624e-17 -1.28767e-20
5.60000e+01 -1.30864e-02 -1.02631e-17 -1.69699e-19
5.70000e+01 1.30864e-02 1.76878e-05 -5.95618e-07
5.80000e+01 5.42056e-03 1.77113e-05 -2.46897e-07
5.90000e+01 -5.42056e-03 1.77113e-05 2.46897e-07
6.00000e+01 -1.30864e-02 1.76878e-05 5.95618e-07
6.10000e+01 1.42411e-02 -1.92479e-05 6.05010e-07
6.20000e+01 5.89884e-03 -1.92734e-05 2.50788e-07
6.30000e+01 -5.89884e-03 -1.92734e-05 -2.50788e-07
6.40000e+01 -1.42411e-02 -1.92479e-05 -6.05010e-07
6.50000e+01 1.42411e-02 -5.06452e-18 -1.06251e-19
6.60000e+01 5.89884e-03 -1.15727e-17 -4.03173e-20
6.70000e+01 -5.89884e-03 -1.17495e-17 -7.58195e-20
6.80000e+01 -1.42411e-02 -1.28685e-17 -1.76977e-19
6.90000e+01 1.42411e-02 1.92479e-05 -6.05010e-07
7.00000e+01 5.89884e-03 1.92734e-05 -2.50788e-07
7.10000e+01 -5.89884e-03 1.92734e-05 2.50788e-07
7.20000e+01 -1.42411e-02 1.92479e-05 6.05010e-07
