1.00000e+00 0.00000e+00 0.00000e+00 0.00000e+00
2.00000e+00 0.00000e+00 0.00000e+00 0.00000e+00
3.00000e+00 0.00000e+00 0.00000e+00 0.00000e+00
4.00000e+00 0.00000e+00 0.00000e+00 0.00000e+00
5.00000e+00 0.00000e+00 0.00000e+00 0.00000e+00
6.00000e+00 0.00000e+00 0.00000e+00 0.00000e+00
7.00000e+00 0.00000e+00 0.00000e+00 0.00000e+00
8.00000e+00 0.00000e+00 0.00000e+00 0.00000e+00
9.00000e+00 0.00000e+00 0.00000e+00 0.00000e+00
1.00000e+01 0.00000e+00 0.00000e+00 0.00000e+00
1.10000e+01 0.00000e+00 0.00000e+00 0.00000e+00
1.20000e+01 0.00000e+00 0.00000e+00 0.00000e+00
1.30000e+01 4.16740e-18 -1.58448e-03 -5.49139e-05
1.40000e+01 3.64563e-18 -1.59115e-03 -1.92881e-07
1.50000e+01 3.17807e-18 -1.59115e-03 1.92881e-07
1.60000e+01 2.54110e-18 -1.58448e-03 5.49139e-05
1.70000e+01 4.02510e-18 -1.58448e-03 -5.49139e-05
1.80000e+01 3.36103e-18 -1.59115e-03 -1.92881e-07
1.90000e+01 2.90024e-18 -1.59115e-03 1.92881e-07
2.00000e+01 2.36492e-18 -1.58448e-03 5.49139e-05
2.10000e+01 4.33681e-18 -1.58448e-03 -5.49139e-05
2.20000e+01 3.84214e-18 -1.59115e-03 -1.92881e-07
2.30000e+01 3.16452e-18 -1.59115e-03 1.92881e-07
2.40000e+01 1.40269e-18 -1.58448e-03 5.49139e-05
2.50000e+01 1.19669e-17 -4.61639e-03 -9.78740e-05
2.60000e+01 1.13435e-17 -4.61662e-03 -6.04823e-07
2.70000e+01 9.86624e-18 -4.61662e-03 6.04823e-07
2.80000e+01 7.38613e-18 -4.61639e-03 9.78740e-05
2.90000e+01 1.23870e-17 -4.61639e-03 -9.78740e-05
3.00000e+01 9.56808e-18 -4.61662e-03 -6.04823e-07
3.10000e+01 1.04354e-17 -4.61662e-03 6.04823e-07
3.20000e+01 8.90401e-18 -4.61639e-03 9.78740e-05
3.30000e+01 1.14519e-17 -4.61639e-03 -9.78740e-05
3.40000e+01 1.08014e-17 -4.61662e-03 -6.04823e-07
3.50000e+01 8.97177e-18 -4.61662e-03 6.04823e-07
3.60000e+01 8.86335e-18 -4.61639e-03 9.78740e-05
3.70000e+01 2.02475e-17 -7.71970e-03 -1.26324e-04
3.80000e+01 1.89193e-17 -7.71649e-03 -1.11174e-06
3.90000e+01 1.80520e-17 -7.71649e-03 1.11174e-06
4.00000e+01 1.69949e-17 -7.71970e-03 1.26324e-04
4.10000e+01 1.98951e-17 -7.71970e-03 -1.26324e-04
4.20000e+01 1.80791e-17 -7.71649e-03 -1.11174e-06
4.30000e+01 1.95698e-17 -7.71649e-03 1.11174e-06
4.40000e+01 1.95427e-17 -7.71970e-03 1.26324e-04
4.50000e+01 1.93801e-17 -7.71970e-03 -1.26324e-04
4.60000e+01 1.98138e-17 -7.71649e-03 -1.11174e-06
4.70000e+01 1.79978e-17 -7.71649e-03 1.11174e-06
4.80000e+01 2.42048e-17 -7.71970e-03 1.26324e-04
4.90000e+01 2.84061e-17 -1.02594e-02 -1.41856e-04
5.00000e+01 2.39609e-17 -1.02591e-02 -1.54435e-06
5.10000e+01 2.66172e-17 -1.02591e-02 1.54435e-06
5.20000e+01 2.52619e-17 -1.02594e-02 1.41856e-04
5.30000e+01 2.76472e-17 -1.02594e-02 -1.41856e-04
5.40000e+01 2.50451e-17 -1.02591e-02 -1.54435e-06
5.50000e+01 2.93277e-17 -1.02591e-02 1.54435e-06
5.60000e+01 2.64003e-17 -1.02594e-02 1.41856e-04
5.70000e+01 3.26345e-17 -1.02594e-02 -1.41856e-04
5.80000e+01 2.98698e-17 -1.02591e-02 -1.54435e-06
5.90000e+01 3.04119e-17 -1.02591e-02 1.54435e-06
6.00000e+01 2.62919e-17 -1.02594e-02 1.41856e-04
6.10000e+01 3.48029e-17 -1.20336e-02 -1.47931e-04
6.20000e+01 3.04661e-17 -1.20228e-02 -1.65380e-06
6.30000e+01 2.99782e-17 -1.20228e-02 1.65380e-06
6.40000e+01 3.11708e-17 -1.20336e-02 1.47931e-04
6.50000e+01 3.88686e-17 -1.20336e-02 -1.47931e-04
6.60000e+01 3.14961e-17 -1.20228e-02 -1.65380e-06
6.70000e+01 2.75929e-17 -1.20228e-02 1.65380e-06
6.80000e+01 3.36645e-17 -1.20336e-02 1.47931e-04
6.90000e+01 3.69171e-17 -1.20336e-02 -1.47931e-04
7.00000e+01 3.56703e-17 -1.20228e-02 -1.65380e-06
7.10000e+01 2.41235e-17 -1.20228e-02 1.65380e-06
7.20000e+01 3.39897e-17 -1.20336e-02 1.47931e-04
