0 -4.59706e-19 -9.48035e-19 -5.44646e-19 -7.56307e-19 -5.36062e-19 -9.48241e-19 -6.35144e-19 -7.74766e-19 -4.50891e-19 -9.12605e-19 -7.15573e-19 -7.67336e-19
0.000120234 -5.55843 -5.54124 -5.47544 -5.29084 -6.90966 -6.89251 -6.8269 -6.64281 -5.54156 -5.52446 -5.45904 -5.27546
0.000240205 -11.1132 -11.0788 -10.9473 -10.5786 -13.804 -13.7698 -13.6387 -13.2711 -11.0624 -11.0282 -10.8976 -10.5311
0.000359909 -16.6641 -16.6125 -16.4154 -15.863 -20.683 -20.6317 -20.4352 -19.8846 -16.5626 -16.5114 -16.3157 -15.7671
0.000478299 -22.1598 -22.0912 -21.8291 -21.095 -27.4955 -27.4272 -27.1662 -26.4349 -21.9876 -21.9195 -21.6595 -20.9311
0.000590785 -27.3203 -27.2355 -26.9116 -26.0049 -33.9504 -33.866 -33.5435 -32.6409 -27.2209 -27.1368 -26.8157 -25.9166
0.000696855 -32.1043 -32.0042 -31.6221 -30.5528 -40.0092 -39.9096 -39.5294 -38.465 -32.2656 -32.1664 -31.7877 -30.7279
0.000797137 -36.5526 -36.4381 -36.001 -34.7782 -45.7215 -45.6075 -45.1723 -43.9548 -37.1258 -37.0123 -36.5792 -35.3678
0.0008928 -40.6945 -40.5663 -40.0774 -38.7107 -51.1286 -51.001 -50.5143 -49.1513 -41.905 -41.7775 -41.2913 -39.9338
0.000984519 -44.5917 -44.4508 -43.9156 -42.4249 -56.2879 -56.1476 -55.6143 -54.1304 -46.5845 -46.4411 -45.8965 -44.3809
0.00107313 -48.1693 -48.0182 -47.4454 -45.8446 -61.1938 -61.0399 -60.459 -58.8552 -51.3692 -51.2091 -50.6049 -48.9359
0.0011584 -51.4415 -51.2799 -50.6761 -49.0231 -65.9495 -65.7791 -65.1424 -63.3999 -56.1057 -55.9309 -55.2712 -53.4548
0.00124095 -54.5572 -54.3787 -53.7154 -51.9105 -70.3864 -70.2085 -69.5479 -67.7515 -60.9127 -60.7223 -60.009 -58.0634
0.00132125 -57.5095 -57.3194 -56.6209 -54.7451 -74.7731 -74.5775 -73.8617 -71.9216 -65.5906 -65.3909 -64.6398 -62.5846
0.00139904 -60.2341 -60.0326 -59.2947 -57.3224 -79.2171 -79.0079 -78.2424 -76.1999 -70.0638 -69.8461 -69.0501 -66.9228
0.00147474 -62.9467 -62.7305 -61.9418 -59.843 -83.2474 -83.0322 -82.2472 -80.1617 -74.6524 -74.4188 -73.5677 -71.3043
0.00154878 -65.5892 -65.3609 -64.5216 -62.2977 -87.248 -87.0163 -86.1783 -83.9613 -79.0923 -78.8518 -77.9821 -75.6818
0.0016211 -68.0008 -67.7588 -66.8857 -64.5909 -91.4082 -91.1602 -90.2609 -87.9019 -83.3404 -83.0915 -82.1971 -79.8514
0.00169188 -70.2716 -70.0206 -69.1197 -66.7644 -95.5078 -95.2496 -94.3232 -91.8997 -87.5612 -87.295 -86.3413 -83.8564
0.00176145 -72.549 -72.2828 -71.3326 -68.8642 -99.3863 -99.1222 -98.1802 -95.7207 -91.8166 -91.5352 -90.5325 -87.9357
0.00183026 -74.8431 -74.5671 -73.5828 -71.0286 -103.162 -102.886 -101.903 -99.3597 -96.0464 -95.7534 -94.7113 -92.0113
0.00189849 -77.1518 -76.8642 -75.8456 -73.1965 -106.957 -106.664 -105.627 -102.964 -100.15 -99.8487 -98.7858 -96.0549
0.00196555 -79.3561 -79.0591 -78.0073 -75.2997 -110.796 -110.491 -109.415 -106.649 -104.141 -103.829 -102.728 -99.8998
0.00203177 -81.5533 -81.242 -80.1483 -77.3503 -114.679 -114.358 -113.232 -110.361 -107.966 -107.647 -106.528 -103.682
0.00209723 -83.7676 -83.444 -82.3114 -79.4347 -118.563 -118.235 -117.084 -114.126 -111.663 -111.331 -110.17 -107.234
0.00216192 -85.932 -85.6008 -84.4469 -81.524 -122.323 -121.982 -120.793 -117.78 -115.413 -115.066 -113.857 -110.812
0.00222597 -88.0371 -87.6953 -86.5232 -83.5582 -126.062 -125.708 -124.48 -121.378 -119.151 -118.791 -117.541 -114.399
0.00228942 -90.1484 -89.7985 -88.5902 -85.5645 -129.753 -129.388 -128.123 -124.953 -122.839 -122.465 -121.176 -117.96
0.00235232 -92.3028 -91.9398 -90.6896 -87.5716 -133.31 -132.938 -131.657 -128.457 -126.536 -126.148 -124.814 -121.502
0.00241456 -94.4082 -94.0359 -92.7583 -89.569 -136.842 -136.456 -135.137 -131.859 -130.206 -129.81 -128.449 -125.058
0.0024762 -96.4513 -96.0669 -94.7541 -91.5153 -140.465 -140.067 -138.708 -135.344 -133.759 -133.35 -131.955 -128.524
0.00253755 -98.4891 -98.0949 -96.7511 -93.4388 -144.091 -143.682 -142.289 -138.851 -137.273 -136.853 -135.423 -131.922
0.00259859 -100.536 -100.129 -98.7501 -95.3644 -147.707 -147.285 -145.854 -142.355 -140.735 -140.305 -138.852 -135.295
0.00265922 -102.592 -102.174 -100.768 -97.3728 -151.303 -150.87 -149.406 -145.828 -144.147 -143.703 -142.206 -138.569
0.0027195 -104.658 -104.234 -102.808 -99.3562 -154.878 -154.432 -152.929 -149.28 -147.519 -147.063 -145.53 -141.82
0.00277949 -106.733 -106.297 -104.837 -101.343 -158.431 -157.973 -156.441 -152.721 -150.861 -150.393 -148.826 -145.046
0.00283907 -108.838 -108.386 -106.889 -103.32 -161.952 -161.482 -159.914 -156.145 -154.133 -153.655 -152.064 -148.27
0.00289829 -110.961 -110.503 -108.978 -105.348 -165.442 -164.958 -163.355 -159.531 -157.373 -156.884 -155.258 -151.402
0.00295721 -113.073 -112.604 -111.049 -107.372 -168.922 -168.429 -166.793 -162.895 -160.593 -160.091 -158.431 -154.5
0.00301564 -115.148 -114.669 -113.086 -109.361 -172.368 -171.864 -170.197 -166.228 -163.809 -163.296 -161.602 -157.601
0.00307379 -117.19 -116.703 -115.11 -111.356 -175.815 -175.299 -173.594 -169.551 -167.009 -166.483 -164.751 -160.676
0.00313165 -119.206 -118.716 -117.101 -113.311 -179.27 -178.74 -177.001 -172.897 -170.182 -169.642 -167.874 -163.733
0.00318922 -121.232 -120.73 -119.094 -115.303 -182.706 -182.164 -180.39 -176.214 -173.322 -172.769 -170.965 -166.75
0.00324653 -123.267 -122.76 -121.112 -117.28 -186.126 -185.568 -183.753 -179.518 -176.433 -175.865 -174.022 -169.747
0.00330365 -125.323 -124.806 -123.13 -119.245 -189.521 -188.953 -187.11 -182.816 -179.518 -178.939 -177.064 -172.726
0.00336061 -127.382 -126.856 -125.148 -121.211 -192.906 -192.328 -190.454 -186.104 -182.587 -181.998 -180.09 -175.695
0.00341733 -129.442 -128.906 -127.177 -123.244 -196.279 -195.687 -193.776 -189.359 -185.629 -185.026 -183.083 -178.616
0.00347378 -131.48 -130.935 -129.178 -125.244 -199.633 -199.03 -197.085 -192.639 -188.665 -188.05 -186.068 -181.521
0.0035299 -133.533 -132.97 -131.205 -127.219 -203.007 -202.396 -200.429 -195.901 -191.61 -190.98 -188.962 -184.427
0.00358576 -135.56 -134.999 -133.22 -129.196 -206.413 -205.779 -203.761 -199.186 -194.517 -193.876 -191.84 -187.251
0.00364144 -137.599 -137.028 -135.221 -131.154 -209.798 -209.152 -207.104 -202.477 -197.413 -196.761 -194.695 -190.05
0.00369698 -139.642 -139.061 -137.224 -133.105 -213.176 -212.519 -210.439 -205.756 -200.294 -199.631 -197.535 -192.836
0.00375235 -141.694 -141.102 -139.232 -135.051 -216.52 -215.855 -213.754 -209.032 -203.174 -202.498 -200.367 -195.607
0.00380756 -143.744 -143.142 -141.243 -137.012 -219.855 -219.18 -217.048 -212.268 -206.042 -205.356 -203.193 -198.376
0.00386261 -145.795 -145.183 -143.258 -138.979 -223.178 -222.492 -220.331 -215.489 -208.897 -208.201 -206.008 -201.131
0.00391746 -147.842 -147.225 -145.28 -140.97 -226.48 -225.785 -223.593 -218.688 -211.741 -211.033 -208.804 -203.862
0.00397207 -149.885 -149.263 -147.315 -142.981 -229.761 -229.051 -226.826 -221.858 -214.571 -213.848 -211.584 -206.576
0.00402646 -151.953 -151.321 -149.35 -144.998 -233.007 -232.288 -230.036 -225.013 -217.379 -216.644 -214.349 -209.275
0.00408057 -154.02 -153.377 -151.377 -147.054 -236.225 -235.493 -233.206 -228.127 -220.177 -219.429 -217.097 -211.955
0.00413445 -156.08 -155.428 -153.399 -149.09 -239.433 -238.691 -236.373 -231.231 -222.956 -222.197 -219.828 -214.619
0.00418808 -158.123 -157.461 -155.445 -151.102 -242.64 -241.889 -239.53 -234.327 -225.708 -224.941 -222.534 -217.266
0.00424147 -160.156 -159.503 -157.488 -153.095 -245.837 -245.066 -242.676 -237.417 -228.442 -227.657 -225.224 -219.906
0.00429453 -162.21 -161.546 -159.506 -155.07 -249.004 -248.22 -245.803 -240.504 -231.142 -230.345 -227.892 -222.529
0.0043472 -164.249 -163.575 -161.506 -157.033 -252.151 -251.355 -248.905 -243.571 -233.824 -233.015 -230.53 -225.134
0.00439939 -166.279 -165.594 -163.498 -158.98 -255.276 -254.469 -251.991 -246.617 -236.467 -235.646 -233.13 -227.694
0.00445082 -168.29 -167.598 -165.475 -160.9 -258.364 -257.549 -255.04 -249.664 -239.047 -238.215 -235.668 -230.174
0.00450117 -170.259 -169.558 -167.412 -162.785 -261.415 -260.587 -258.067 -252.678 -241.543 -240.699 -238.116 -232.571
0.00455045 -172.201 -171.486 -169.309 -164.64 -264.408 -263.584 -261.065 -255.628 -243.964 -243.105 -240.483 -234.892
0.00459894 -174.116 -173.392 -171.189 -166.486 -267.377 -266.543 -263.995 -258.522 -246.323 -245.455 -242.808 -237.167
0.00464682 -176.019 -175.286 -173.057 -168.323 -270.307 -269.463 -266.888 -261.371 -248.643 -247.766 -245.095 -239.406
0.00469414 -177.911 -177.168 -174.917 -170.141 -273.203 -272.348 -269.744 -264.165 -250.925 -250.038 -247.339 -241.643
0.00474092 -179.787 -179.036 -176.756 -171.981 -276.067 -275.201 -272.559 -266.896 -253.171 -252.273 -249.568 -243.848
0.00478727 -181.641 -180.878 -178.571 -173.813 -278.881 -278.001 -275.326 -269.595 -255.42 -254.525 -251.811 -246.031
0.00483306 -183.463 -182.694 -180.398 -175.628 -281.62 -280.73 -278.02 -272.234 -257.69 -256.784 -254.037 -248.206
0.00487812 -185.249 -184.489 -182.206 -177.403 -284.277 -283.368 -280.622 -274.794 -259.971 -259.047 -256.266 -250.397
0.00492245 -187.022 -186.256 -183.952 -179.113 -286.847 -285.929 -283.158 -277.291 -262.248 -261.315 -258.511 -252.604
0.00496625 -188.768 -187.994 -185.672 -180.797 -289.369 -288.441 -285.647 -279.738 -264.521 -263.579 -260.751 -254.809
0.00500959 -190.499 -189.717 -187.375 -182.465 -291.85 -290.913 -288.097 -282.151 -266.785 -265.832 -262.976 -256.999
0.00505242 -192.211 -191.421 -189.057 -184.127 -294.302 -293.354 -290.511 -284.528 -269.019 -268.059 -265.179 -259.159
0.00509464 -193.899 -193.103 -190.725 -185.772 -296.724 -295.768 -292.896 -286.862 -271.213 -270.244 -267.343 -261.288
0.00513613 -195.574 -194.77 -192.371 -187.395 -299.096 -298.133 -295.242 -289.168 -273.36 -272.383 -269.459 -263.367
0.00517681 -197.234 -196.422 -194.003 -188.999 -301.419 -300.45 -297.541 -291.44 -275.447 -274.462 -271.516 -265.386
0.00521653 -198.878 -198.058 -195.617 -190.587 -303.687 -302.712 -299.788 -293.664 -277.461 -276.468 -273.499 -267.331
0.00525517 -200.487 -199.658 -197.196 -192.14 -305.891 -304.912 -301.979 -295.829 -279.411 -278.412 -275.421 -269.214
0.00529272 -202.054 -201.217 -198.736 -193.661 -308.03 -307.043 -304.092 -297.922 -281.306 -280.298 -277.296 -271.047
0.0053293 -203.588 -202.743 -200.242 -195.154 -310.104 -309.112 -306.152 -299.954 -283.156 -282.135 -279.113 -272.831
0.00536507 -205.098 -204.244 -201.728 -196.637 -312.116 -311.12 -308.145 -301.957 -284.97 -283.94 -280.885 -274.551
0.00540017 -206.605 -205.74 -203.203 -198.123 -314.067 -313.068 -310.084 -303.922 -286.744 -285.704 -282.621 -276.22
0.00543461 -208.104 -207.228 -204.67 -199.584 -315.948 -314.95 -311.996 -305.835 -288.491 -287.438 -284.309 -277.868
0.00546853 -209.573 -208.697 -206.154 -201.031 -317.797 -316.802 -313.839 -307.689 -290.216 -289.147 -285.979 -279.508
0.00550193 -211.057 -210.176 -207.612 -202.453 -319.578 -318.581 -315.626 -309.502 -291.925 -290.841 -287.647 -281.142
0.00553484 -212.536 -211.642 -209.055 -203.857 -321.29 -320.296 -317.351 -311.253 -293.635 -292.537 -289.314 -282.791
0.0055674 -214.002 -213.097 -210.485 -205.268 -322.934 -321.943 -319.013 -312.944 -295.372 -294.257 -290.997 -284.45
0.00559948 -215.456 -214.54 -211.895 -206.663 -324.509 -323.518 -320.601 -314.573 -297.119 -295.992 -292.708 -286.121
0.00563109 -216.901 -215.973 -213.292 -208.037 -326.018 -325.026 -322.116 -316.123 -298.871 -297.734 -294.431 -287.818
0.00566222 -218.318 -217.38 -214.67 -209.395 -327.469 -326.476 -323.568 -317.605 -300.635 -299.486 -296.174 -289.534
0.00569286 -219.705 -218.757 -216.026 -210.739 -328.884 -327.878 -324.957 -319.019 -302.392 -301.241 -297.928 -291.259
0.00572301 -221.052 -220.092 -217.376 -212.063 -330.294 -329.273 -326.294 -320.357 -304.123 -302.982 -299.669 -293.003
0.0057527 -222.39 -221.417 -218.697 -213.368 -331.654 -330.629 -327.637 -321.633 -305.838 -304.697 -301.382 -294.75
0.0057819 -223.722 -222.759 -220.014 -214.633 -332.968 -331.93 -328.927 -322.914 -307.523 -306.377 -303.063 -296.492
0.00581058 -225.074 -224.099 -221.32 -215.886 -334.237 -333.191 -330.176 -324.147 -309.152 -308.007 -304.711 -298.24
0.00583871 -226.431 -225.441 -222.621 -217.168 -335.462 -334.41 -331.375 -325.336 -310.732 -309.587 -306.341 -299.935
0.00586622 -227.771 -226.767 -223.925 -218.468 -336.629 -335.572 -332.537 -326.497 -312.295 -311.152 -307.901 -301.554
0.00589301 -229.1 -228.086 -225.227 -219.779 -337.733 -336.675 -333.649 -327.626 -313.826 -312.673 -309.407 -303.091
0.00591888 -230.405 -229.385 -226.516 -221.086 -338.768 -337.71 -334.691 -328.702 -315.312 -314.144 -310.866 -304.554
0.00594365 -231.662 -230.643 -227.775 -222.377 -339.719 -338.665 -335.66 -329.711 -316.767 -315.572 -312.26 -305.943
0.00596748 -232.885 -231.857 -229.008 -223.641 -340.594 -339.546 -336.559 -330.67 -318.192 -316.982 -313.619 -307.261
0.00599039 -234.077 -233.044 -230.223 -224.867 -341.427 -340.373 -337.396 -331.581 -319.542 -318.331 -314.948 -308.519
0.00601237 -235.241 -234.207 -231.408 -226.069 -342.228 -341.169 -338.186 -332.421 -320.814 -319.594 -316.195 -309.764
0.00603361 -236.407 -235.381 -232.555 -227.248 -343.019 -341.943 -338.942 -333.212 -321.989 -320.77 -317.387 -310.978
0.00605423 -237.569 -236.541 -233.707 -228.396 -343.789 -342.705 -339.691 -333.971 -323.09 -321.874 -318.508 -312.154
0.00607425 -238.709 -237.679 -234.849 -229.547 -344.56 -343.463 -340.428 -334.704 -324.12 -322.908 -319.567 -313.275
0.0060937 -239.814 -238.787 -235.967 -230.703 -345.356 -344.22 -341.157 -335.418 -325.075 -323.877 -320.567 -314.34
0.00611267 -240.887 -239.855 -237.048 -231.865 -346.144 -345.021 -341.918 -336.119 -325.985 -324.783 -321.498 -315.354
0.00613122 -241.928 -240.899 -238.103 -233.016 -346.947 -345.802 -342.692 -336.844 -326.851 -325.65 -322.379 -316.305
0.00614934 -242.926 -241.902 -239.131 -234.129 -347.766 -346.601 -343.449 -337.629 -327.681 -326.479 -323.22 -317.196
0.00616703 -243.876 -242.858 -240.129 -235.229 -348.606 -347.419 -344.225 -338.363 -328.478 -327.276 -324.023 -318.064
0.00618428 -244.773 -243.77 -241.077 -236.277 -349.47 -348.257 -345.01 -339.115 -329.241 -328.039 -324.801 -318.894
0.00620103 -245.607 -244.617 -241.965 -237.266 -350.34 -349.109 -345.818 -339.869 -329.998 -328.786 -325.541 -319.694
0.00621726 -246.39 -245.398 -242.789 -238.175 -351.213 -349.967 -346.632 -340.638 -330.727 -329.516 -326.275 -320.463
0.00623307 -247.174 -246.173 -243.575 -239.017 -352.107 -350.83 -347.432 -341.42 -331.393 -330.198 -326.988 -321.205
0.0062485 -247.942 -246.956 -244.388 -239.804 -352.958 -351.673 -348.243 -342.18 -332.055 -330.845 -327.625 -321.949
0.00626354 -248.681 -247.717 -245.177 -240.616 -353.783 -352.479 -349.019 -342.939 -332.691 -331.486 -328.273 -322.628
0.00627817 -249.43 -248.471 -245.943 -241.434 -354.604 -353.28 -349.787 -343.719 -333.251 -332.057 -328.873 -323.271
0.00629223 -250.224 -249.254 -246.717 -242.242 -355.464 -354.118 -350.586 -344.523 -333.63 -332.468 -329.346 -323.842
0.00630585 -251.057 -250.066 -247.49 -243.003 -356.355 -354.979 -351.415 -345.292 -333.864 -332.746 -329.743 -324.442
0.00631914 -251.896 -250.881 -248.258 -243.74 -357.224 -355.822 -352.234 -346.065 -334.054 -332.975 -330.103 -325.038
0.00633194 -252.76 -251.72 -249.047 -244.49 -358.08 -356.686 -353.071 -346.861 -334.157 -333.092 -330.352 -325.53
0.00634433 -253.626 -252.562 -249.858 -245.266 -358.874 -357.5 -353.913 -347.708 -334.312 -333.204 -330.47 -325.862
0.00635638 -254.487 -253.416 -250.653 -246.025 -359.598 -358.234 -354.69 -348.543 -334.485 -333.384 -330.649 -326.097
0.00636794 -255.274 -254.199 -251.432 -246.761 -360.268 -358.901 -355.383 -349.348 -334.709 -333.617 -330.908 -326.287
0.00637862 -256.026 -254.937 -252.158 -247.483 -360.84 -359.497 -356.03 -350.042 -334.904 -333.826 -331.115 -326.525
0.00638846 -256.751 -255.648 -252.856 -248.183 -361.27 -359.972 -356.592 -350.686 -335.119 -334.042 -331.323 -326.748
0.00639788 -257.495 -256.371 -253.557 -248.88 -361.545 -360.317 -357.069 -351.319 -335.38 -334.287 -331.55 -326.98
0.00640591 -258.261 -257.097 -254.201 -249.532 -361.648 -360.432 -357.378 -351.855 -335.597 -334.512 -331.771 -327.2
0.00641379 -259.062 -257.878 -254.957 -250.219 -361.779 -360.595 -357.535 -352.351 -335.699 -334.652 -331.977 -327.429
0.00642088 -259.946 -258.711 -255.729 -250.961 -361.834 -360.693 -357.735 -352.697 -335.577 -334.632 -332.118 -327.688
0.00642661 -261.002 -259.69 -256.562 -251.75 -361.844 -360.697 -357.866 -352.952 -335.011 -334.213 -332.125 -327.99
0.00643093 -262.112 -260.756 -257.534 -252.605 -361.881 -360.7 -357.868 -353.243 -334.251 -333.477 -331.64 -328.183
0.00643371 -263.174 -261.812 -258.576 -253.599 -361.919 -360.716 -357.854 -353.412 -333.426 -332.639 -330.847 -327.912
0.0064353 -264.161 -262.812 -259.6 -254.658 -361.97 -360.756 -357.866 -353.445 -332.57 -331.767 -329.981 -327.243
0.00643613 -265.007 -263.691 -260.547 -255.697 -361.974 -360.756 -357.862 -353.445 -331.841 -330.995 -329.104 -326.398
0.00643728 -265.886 -264.598 -261.532 -256.818 -361.925 -360.714 -357.823 -353.407 -331.151 -330.288 -328.35 -325.503
0.00643832 -266.796 -265.506 -262.504 -257.906 -361.852 -360.637 -357.762 -353.358 -330.443 -329.572 -327.606 -324.667
0.00643902 -267.723 -266.437 -263.408 -258.852 -361.758 -360.546 -357.682 -353.325 -329.7 -328.825 -326.854 -323.911
0.00644009 -268.651 -267.366 -264.356 -259.807 -361.704 -360.49 -357.619 -353.275 -328.973 -328.1 -326.132 -323.181
0.00644079 -269.566 -268.282 -265.273 -260.759 -361.61 -360.397 -357.532 -353.197 -328.249 -327.372 -325.397 -322.433
0.00644149 -270.556 -269.257 -266.213 -261.713 -361.475 -360.268 -357.417 -353.098 -327.507 -326.632 -324.656 -321.686
0.00644234 -271.584 -270.287 -267.242 -262.686 -361.334 -360.116 -357.279 -352.99 -326.749 -325.877 -323.902 -320.938
0.00644344 -272.638 -271.351 -268.333 -263.831 -361.216 -359.991 -357.108 -352.818 -325.966 -325.098 -323.128 -320.149
0.00644383 -273.631 -272.398 -269.494 -265.022 -361.049 -359.806 -356.899 -352.56 -325.125 -324.263 -322.295 -319.317
0.00644407 -274.802 -273.556 -270.668 -266.295 -360.801 -359.543 -356.618 -352.257 -324.171 -323.347 -321.444 -318.5
0.00644446 -276.134 -274.845 -271.871 -267.513 -360.57 -359.309 -356.384 -352.023 -323.061 -322.291 -320.526 -317.704
0.00644494 -277.421 -276.123 -273.108 -268.679 -360.476 -359.205 -356.268 -351.906 -321.873 -321.127 -319.471 -316.857
0.00644475 -278.672 -277.356 -274.325 -269.874 -360.381 -359.109 -356.172 -351.806 -320.643 -319.908 -318.301 -315.857
0.00644408 -279.912 -278.588 -275.541 -271.101 -360.267 -358.998 -356.069 -351.716 -319.382 -318.654 -317.071 -314.706
0.00644313 -281.202 -279.84 -276.776 -272.298 -360.128 -358.871 -355.961 -351.652 -318.073 -317.358 -315.801 -313.484
0.00644202 -282.523 -281.147 -277.992 -273.484 -359.986 -358.745 -355.881 -351.617 -316.704 -316.007 -314.492 -312.215
0.00644057 -283.838 -282.45 -279.277 -274.686 -359.854 -358.624 -355.792 -351.588 -315.254 -314.581 -313.111 -310.882
0.00643857 -285.205 -283.797 -280.596 -275.96 -359.692 -358.476 -355.677 -351.539 -313.676 -313.033 -311.628 -309.477
0.00643588 -286.658 -285.21 -281.925 -277.21 -359.522 -358.325 -355.584 -351.534 -311.865 -311.306 -310.031 -307.998
0.00643142 -288.471 -286.783 -283.282 -278.454 -359.425 -358.271 -355.554 -351.568 -308.931 -309.074 -308.279 -306.447
-0.993554 -157.41 -167.531 -239.692 -267.092 -335.297 -191.875 -357.901 -332.373 -311.135 -108.691 -192.484 -232.112
