0 1.43304e-18 1.27257e-18 1.21285e-18 1.14631e-18 8.08567e-19 6.92165e-19 3.26324e-19 2.55329e-19 1.12337e-18 1.00282e-18 8.3658e-19 8.71303e-19
0.000135254 -6.04126 -7.44515 -7.44273 -6.02202 -5.98975 -7.39377 -7.39134 -5.97077 -5.82879 -7.23318 -7.23062 -5.81041
0.000270209 -12.0799 -14.8757 -14.8669 -12.0201 -11.977 -14.7731 -14.7642 -11.9178 -11.6554 -14.4524 -14.4433 -11.5977
0.000404864 -18.1157 -22.2916 -22.2723 -17.9944 -17.9614 -22.1378 -22.1185 -17.8411 -17.4797 -21.6575 -21.6378 -17.3618
0.000537854 -24.0712 -29.6239 -29.5979 -23.8806 -23.8662 -29.4195 -29.3935 -23.6769 -23.2263 -28.7818 -28.7552 -23.0408
0.000663866 -29.609 -36.5079 -36.5684 -29.5972 -29.3558 -36.2557 -36.3162 -29.3459 -28.5663 -35.4689 -35.5287 -28.5612
0.000782565 -34.6878 -42.9194 -43.1681 -35.1587 -34.3893 -42.6221 -42.8708 -34.8626 -33.4587 -41.6948 -41.9428 -33.9382
0.000894682 -39.3662 -48.9156 -49.4335 -40.5587 -39.0249 -48.5757 -49.0935 -40.2202 -37.9615 -47.5158 -48.0329 -39.164
0.00100168 -43.7055 -54.5477 -55.4311 -45.9089 -43.3238 -54.1673 -55.0508 -45.5289 -42.1356 -52.9827 -53.8656 -44.3444
0.00110422 -47.7724 -59.9237 -61.1529 -51.1702 -47.3534 -59.5063 -60.7362 -50.745 -46.0544 -58.2104 -59.4424 -49.4242
0.00120326 -51.4923 -65.0301 -66.6616 -56.5568 -51.0418 -64.5711 -66.2088 -56.0918 -49.6481 -63.1604 -64.8022 -54.6566
0.00129868 -54.9367 -69.9988 -71.9244 -61.8759 -54.4578 -69.4954 -71.4453 -61.3627 -52.9946 -67.9586 -69.9796 -59.7923
0.00139118 -58.2485 -74.6772 -76.9698 -67.256 -57.7243 -74.1548 -76.4496 -66.7078 -56.1315 -72.5671 -74.8682 -65.0398
0.00148115 -61.3616 -79.2926 -81.9875 -72.4182 -60.8104 -78.7255 -81.4248 -71.8488 -59.1471 -77.0052 -79.7287 -70.1298
0.0015687 -64.2675 -83.9068 -86.8322 -77.4725 -63.6851 -83.3053 -86.2546 -76.8504 -61.941 -81.5039 -84.5255 -74.9862
0.0016539 -67.1377 -88.1972 -91.4623 -82.6457 -66.5163 -87.5784 -90.8452 -81.9922 -64.6635 -85.7324 -89.006 -80.0271
0.00173723 -69.9405 -92.4073 -96.1031 -87.5804 -69.2948 -91.749 -95.4482 -86.9042 -67.3411 -89.7968 -93.504 -84.8963
0.00181891 -72.4625 -96.6905 -100.819 -92.3144 -71.7834 -95.9931 -100.129 -91.6206 -69.7706 -93.9258 -98.0815 -89.5662
0.00189917 -74.8777 -100.912 -105.345 -97.1179 -74.1731 -100.191 -104.627 -96.3803 -72.0979 -98.0692 -102.511 -94.2075
0.00197813 -77.2751 -105.011 -109.74 -101.941 -76.5363 -104.257 -109.008 -101.167 -74.3709 -102.04 -106.855 -98.8968
0.00205618 -79.7131 -108.94 -114.084 -106.759 -78.9421 -108.172 -113.317 -105.95 -76.6858 -105.922 -111.072 -103.587
0.00213335 -82.172 -112.886 -118.462 -111.326 -81.3802 -112.08 -117.656 -110.502 -79.0495 -109.737 -115.314 -108.11
0.0022096 -84.4657 -116.844 -122.854 -115.861 -83.6452 -116.007 -122.019 -115.008 -81.2615 -113.575 -119.591 -112.533
0.00228503 -86.7944 -120.822 -127.262 -120.149 -85.9428 -119.954 -126.393 -119.283 -83.4749 -117.436 -123.873 -116.782
0.00235974 -89.1125 -124.832 -131.525 -124.418 -88.2326 -123.932 -130.637 -123.518 -85.699 -121.338 -128.073 -120.931
0.00243368 -91.413 -128.708 -135.779 -128.688 -90.5249 -127.783 -134.858 -127.751 -87.9458 -125.132 -132.215 -125.074
0.00250684 -93.6244 -132.542 -140.014 -132.957 -92.7089 -131.592 -139.063 -131.991 -90.0887 -128.874 -136.342 -129.237
0.00257921 -95.8226 -136.331 -144.173 -137.2 -94.8813 -135.354 -143.196 -136.203 -92.2079 -132.574 -140.412 -133.377
0.00265089 -98.035 -140.069 -148.223 -141.456 -97.0633 -139.062 -147.23 -140.426 -94.3153 -136.209 -144.415 -137.523
0.00272204 -100.254 -143.737 -152.329 -145.606 -99.2501 -142.713 -151.302 -144.555 -96.4202 -139.835 -148.4 -141.602
0.00279272 -102.41 -147.408 -156.435 -149.724 -101.385 -146.357 -155.381 -148.645 -98.5101 -143.404 -152.417 -145.627
0.00286298 -104.533 -151.102 -160.526 -153.784 -103.484 -150.027 -159.448 -152.677 -100.552 -147.016 -156.418 -149.59
0.00293285 -106.632 -154.806 -164.623 -157.766 -105.568 -153.7 -163.514 -156.632 -102.638 -150.612 -160.412 -153.48
0.00300235 -108.757 -158.463 -168.716 -161.697 -107.681 -157.333 -167.576 -160.53 -104.703 -154.2 -164.423 -157.31
0.00307155 -110.902 -162.105 -172.792 -165.594 -109.8 -160.946 -171.63 -164.4 -106.761 -157.747 -168.413 -161.123
0.0031404 -113.05 -165.732 -176.818 -169.47 -111.917 -164.544 -175.637 -168.264 -108.838 -161.273 -172.375 -164.918
0.00320879 -115.214 -169.363 -180.785 -173.285 -114.068 -168.146 -179.575 -172.049 -110.944 -164.817 -176.252 -168.688
0.00327668 -117.415 -172.922 -184.709 -177.089 -116.244 -171.692 -183.471 -175.826 -113.065 -168.325 -180.082 -172.4
0.00334415 -119.604 -176.433 -188.629 -180.878 -118.411 -175.176 -187.366 -179.588 -115.183 -171.759 -183.918 -176.1
0.00341126 -121.744 -179.937 -192.566 -184.64 -120.528 -178.656 -191.276 -183.323 -117.247 -175.182 -187.772 -179.772
0.0034781 -123.867 -183.429 -196.502 -188.378 -122.627 -182.122 -195.186 -187.034 -119.321 -178.582 -191.618 -183.416
0.00354464 -125.971 -186.892 -200.428 -192.102 -124.727 -185.554 -199.081 -190.725 -121.424 -181.983 -195.426 -187.025
0.00361086 -128.052 -190.375 -204.307 -195.797 -126.813 -189.017 -202.931 -194.38 -123.517 -185.37 -199.253 -190.596
0.00367684 -130.168 -193.846 -208.182 -199.448 -128.913 -192.459 -206.786 -198.001 -125.572 -188.757 -203.048 -194.156
0.0037426 -132.288 -197.297 -212.065 -203.055 -131.013 -195.888 -210.647 -201.584 -127.62 -192.127 -206.851 -197.701
0.00380808 -134.427 -200.722 -215.938 -206.617 -133.127 -199.286 -214.493 -205.138 -129.689 -195.47 -210.638 -201.223
0.00387327 -136.578 -204.127 -219.797 -210.147 -135.255 -202.668 -218.33 -208.648 -131.769 -198.8 -214.428 -204.684
0.00393822 -138.722 -207.537 -223.658 -213.622 -137.38 -206.052 -222.165 -212.107 -133.852 -202.125 -218.207 -208.122
0.00400286 -140.828 -210.964 -227.506 -217.076 -139.465 -209.456 -225.986 -215.531 -135.907 -205.488 -221.985 -211.497
0.00406732 -142.93 -214.403 -231.339 -220.509 -141.547 -212.871 -229.795 -218.94 -137.941 -208.856 -225.739 -214.849
0.00413158 -145.017 -217.833 -235.161 -223.931 -143.62 -216.284 -233.593 -222.336 -139.969 -212.222 -229.481 -218.186
0.00419566 -147.089 -221.256 -238.98 -227.338 -145.673 -219.684 -237.389 -225.716 -142.049 -215.557 -233.214 -221.497
0.00425955 -149.155 -224.674 -242.788 -230.723 -147.743 -223.065 -241.173 -229.069 -144.127 -218.876 -236.956 -224.782
0.00432322 -151.248 -228.069 -246.585 -234.089 -149.826 -226.43 -244.942 -232.406 -146.187 -222.188 -240.667 -228.062
0.00438667 -153.364 -231.443 -250.362 -237.432 -151.926 -229.78 -248.694 -235.727 -148.234 -225.485 -244.363 -231.328
0.00444989 -155.498 -234.787 -254.103 -240.766 -154.041 -233.11 -252.412 -239.035 -150.296 -228.779 -248.026 -234.579
0.00451287 -157.663 -238.081 -257.831 -244.084 -156.182 -236.389 -256.113 -242.325 -152.388 -232.064 -251.662 -237.81
0.00457562 -159.839 -241.357 -261.537 -247.394 -158.333 -239.651 -259.789 -245.608 -154.484 -235.265 -255.331 -241.029
0.00463814 -162 -244.629 -265.223 -250.695 -160.469 -242.895 -263.474 -248.879 -156.571 -238.452 -258.975 -244.241
0.00470038 -164.137 -247.88 -268.916 -253.975 -162.594 -246.128 -267.145 -252.135 -158.654 -241.63 -262.59 -247.44
0.00476235 -166.265 -251.118 -272.591 -257.23 -164.704 -249.347 -270.803 -255.371 -160.74 -244.799 -266.197 -250.62
0.00482395 -168.378 -254.347 -276.24 -260.457 -166.8 -252.557 -274.431 -258.575 -162.818 -247.968 -269.784 -253.774
0.00488512 -170.481 -257.564 -279.862 -263.649 -168.884 -255.753 -278.032 -261.744 -164.882 -251.124 -273.342 -256.902
0.00494568 -172.554 -260.763 -283.455 -266.799 -170.94 -258.928 -281.599 -264.869 -166.961 -254.247 -276.861 -259.977
0.00500537 -174.597 -263.931 -287.002 -269.882 -172.988 -262.065 -285.117 -267.922 -169.026 -257.334 -280.327 -262.978
0.00506378 -176.625 -267.053 -290.475 -272.843 -175.02 -265.16 -288.566 -270.859 -171.02 -260.376 -283.72 -265.912
0.00512084 -178.626 -270.124 -293.864 -275.7 -177 -268.206 -291.933 -273.725 -172.964 -263.372 -287.04 -268.744
0.00517696 -180.612 -273.154 -297.171 -278.516 -178.967 -271.218 -295.223 -276.519 -174.899 -266.334 -290.295 -271.498
0.00523246 -182.586 -276.168 -300.432 -281.287 -180.924 -274.209 -298.464 -279.269 -176.825 -269.281 -293.493 -274.211
0.00528735 -184.548 -279.16 -303.647 -284.012 -182.877 -277.18 -301.66 -281.977 -178.741 -272.208 -296.647 -276.882
0.00534178 -186.501 -282.116 -306.832 -286.72 -184.814 -280.119 -304.822 -284.663 -180.644 -275.112 -299.773 -279.532
0.00539575 -188.447 -285.028 -309.975 -289.437 -186.745 -283.01 -307.944 -287.358 -182.538 -277.971 -302.853 -282.185
0.00544918 -190.382 -287.887 -313.057 -292.166 -188.67 -285.854 -311.005 -290.065 -184.433 -280.777 -305.868 -284.851
0.0055019 -192.289 -290.682 -316.074 -294.913 -190.564 -288.629 -314.002 -292.792 -186.308 -283.506 -308.825 -287.534
0.00555379 -194.143 -293.383 -319.055 -297.678 -192.4 -291.31 -316.965 -295.539 -188.149 -286.139 -311.741 -290.236
0.00560491 -195.933 -295.99 -322.021 -300.463 -194.175 -293.897 -319.911 -298.303 -189.927 -288.683 -314.639 -292.956
0.00565531 -197.674 -298.518 -324.973 -303.247 -195.901 -296.404 -322.841 -301.065 -191.661 -291.161 -317.522 -295.668
0.00570502 -199.395 -300.984 -327.895 -305.999 -197.632 -298.858 -325.734 -303.788 -193.353 -293.608 -320.374 -298.342
0.00575395 -201.096 -303.435 -330.748 -308.703 -199.33 -301.286 -328.57 -306.467 -195.036 -295.975 -323.223 -300.963
0.00580192 -202.784 -305.828 -333.568 -311.323 -201.006 -303.655 -331.381 -309.063 -196.726 -298.293 -325.991 -303.516
0.00584885 -204.453 -308.161 -336.341 -313.861 -202.681 -305.965 -334.135 -311.582 -198.374 -300.568 -328.698 -306.002
0.00589463 -206.109 -310.44 -339.038 -316.317 -204.323 -308.227 -336.82 -314.023 -199.988 -302.792 -331.35 -308.405
0.00593922 -207.742 -312.667 -341.648 -318.698 -205.941 -310.438 -339.419 -316.386 -201.581 -304.967 -333.923 -310.73
0.00598271 -209.353 -314.854 -344.169 -321.01 -207.54 -312.605 -341.929 -318.683 -203.154 -307.097 -336.41 -312.992
0.00602521 -210.934 -317 -346.62 -323.268 -209.106 -314.733 -344.369 -320.921 -204.721 -309.181 -338.828 -315.193
0.00606681 -212.479 -319.105 -349.019 -325.475 -210.635 -316.817 -346.755 -323.111 -206.259 -311.222 -341.189 -317.349
0.00610765 -213.99 -321.176 -351.359 -327.656 -212.134 -318.866 -349.093 -325.268 -207.767 -313.21 -343.504 -319.488
0.00614786 -215.486 -323.212 -353.64 -329.811 -213.637 -320.881 -351.366 -327.407 -209.249 -315.18 -345.763 -321.605
0.00618759 -216.981 -325.232 -355.854 -331.949 -215.137 -322.875 -353.581 -329.535 -210.712 -317.134 -347.972 -323.715
0.00622687 -218.486 -327.228 -357.99 -334.087 -216.621 -324.847 -355.726 -331.679 -212.16 -319.066 -350.138 -325.823
0.00626568 -219.982 -329.207 -360.02 -336.259 -218.095 -326.803 -357.787 -333.829 -213.598 -320.98 -352.253 -327.937
0.00630393 -221.479 -331.177 -361.907 -338.465 -219.564 -328.74 -359.728 -336.007 -215.021 -322.868 -354.293 -330.073
0.00634159 -222.988 -333.163 -363.572 -340.729 -221.038 -330.677 -361.497 -338.232 -216.436 -324.734 -356.237 -332.234
0.00637857 -224.53 -335.178 -364.951 -343.063 -222.534 -332.643 -363.008 -340.515 -217.854 -326.59 -358.023 -334.463
0.0064148 -226.081 -337.172 -366.195 -345.424 -224.048 -334.614 -364.23 -342.883 -219.277 -328.487 -359.538 -336.781
0.00645042 -227.592 -339.097 -367.441 -347.789 -225.537 -336.523 -365.496 -345.233 -220.735 -330.407 -360.733 -339.167
0.00648547 -229.081 -340.972 -368.633 -350.154 -227.001 -338.387 -366.683 -347.593 -222.189 -332.261 -361.942 -341.526
0.00651989 -230.564 -342.775 -369.813 -352.473 -228.449 -340.197 -367.842 -349.937 -223.627 -334.075 -363.089 -343.896
0.00655362 -232.075 -344.53 -370.871 -354.741 -229.906 -341.942 -369.015 -352.214 -225.045 -335.833 -364.223 -346.242
0.00658644 -233.641 -346.225 -371.894 -356.861 -231.448 -343.665 -369.911 -354.433 -226.45 -337.536 -365.398 -348.538
0.00661825 -235.314 -347.761 -373.106 -358.612 -233.032 -345.265 -371.042 -356.358 -227.921 -339.284 -366.25 -350.826
0.00664893 -237.104 -349.097 -374.368 -360.16 -234.733 -346.72 -372.255 -357.918 -229.432 -340.962 -367.305 -352.813
0.00667849 -238.881 -350.322 -375.526 -361.819 -236.495 -347.921 -373.422 -359.529 -231.077 -342.512 -368.475 -354.331
0.00670696 -240.633 -351.545 -376.62 -363.357 -238.223 -349.184 -374.512 -361.062 -232.789 -343.739 -369.592 -355.849
0.00673419 -242.361 -352.721 -377.639 -364.794 -239.931 -350.37 -375.528 -362.493 -234.476 -344.965 -370.626 -357.272
0.00676034 -244.037 -353.848 -378.651 -366.139 -241.606 -351.508 -376.502 -363.831 -236.152 -346.129 -371.585 -358.61
0.00678554 -245.724 -354.78 -379.571 -367.528 -243.264 -352.62 -377.439 -365.104 -237.8 -347.272 -372.522 -359.845
0.00680989 -247.411 -355.684 -380.354 -368.93 -244.959 -353.422 -378.275 -366.488 -239.437 -348.432 -373.445 -360.999
0.00683354 -249.075 -356.673 -380.998 -370.254 -246.62 -354.412 -378.968 -367.8 -241.132 -349.276 -374.281 -362.3
0.00685649 -250.723 -357.696 -381.534 -371.497 -248.279 -355.406 -379.546 -369.056 -242.816 -350.242 -374.966 -363.567
0.00687872 -252.319 -358.724 -381.977 -372.723 -249.924 -356.414 -380.021 -370.253 -244.527 -351.238 -375.518 -364.808
0.00690019 -253.731 -359.831 -382.381 -373.896 -251.492 -357.459 -380.407 -371.428 -246.268 -352.257 -375.978 -365.984
0.00692082 -254.824 -361.035 -382.879 -375 -252.782 -358.602 -380.786 -372.554 -248.016 -353.318 -376.344 -367.145
0.00694071 -255.82 -362.309 -383.483 -375.921 -253.873 -359.778 -381.344 -373.542 -249.507 -354.474 -376.702 -368.265
0.0069598 -256.853 -363.603 -384.108 -376.582 -254.887 -361.077 -381.921 -374.339 -250.703 -355.668 -377.248 -369.294
0.00697812 -258.184 -364.727 -384.724 -377.049 -256.013 -362.286 -382.549 -374.865 -251.743 -356.988 -377.817 -370.146
0.00699574 -259.61 -365.7 -385.338 -377.428 -257.423 -363.323 -383.16 -375.263 -252.847 -358.248 -378.434 -370.709
0.00701268 -261.029 -366.551 -385.931 -377.797 -258.836 -364.228 -383.748 -375.64 -254.231 -359.299 -379.008 -371.18
0.00702887 -262.418 -367.276 -386.426 -378.296 -260.243 -365.01 -384.286 -376.04 -255.638 -360.208 -379.58 -371.614
0.00704442 -263.705 -367.996 -386.81 -378.92 -261.572 -365.679 -384.72 -376.644 -257.028 -360.963 -380.133 -372.038
0.00705946 -264.899 -368.736 -387.239 -379.5 -262.782 -366.449 -385.106 -377.231 -258.317 -361.587 -380.572 -372.665
0.00707394 -265.921 -369.447 -387.669 -380.101 -263.902 -367.154 -385.541 -377.832 -259.539 -362.313 -380.936 -373.271
0.00708756 -266.734 -370.208 -387.957 -380.781 -264.833 -367.875 -385.848 -378.497 -260.69 -362.972 -381.372 -373.893
0.00710034 -267.267 -370.984 -388.388 -381.451 -265.523 -368.63 -386.181 -379.195 -261.681 -363.696 -381.615 -374.592
0.0071125 -267.731 -371.752 -388.834 -382.079 -265.955 -369.406 -386.656 -379.85 -262.385 -364.462 -381.959 -375.308
0.00712413 -268.194 -372.477 -389.297 -382.644 -266.463 -370.169 -387.036 -380.455 -262.841 -365.276 -382.41 -375.974
0.00713519 -268.6 -373.13 -389.829 -383.143 -266.878 -370.882 -387.531 -380.991 -263.336 -366.093 -382.764 -376.588
0.00714558 -268.976 -373.819 -390.341 -383.548 -267.256 -371.55 -388.021 -381.45 -263.741 -366.875 -383.198 -377.12
0.00715489 -269.39 -374.364 -390.732 -383.851 -267.633 -372.128 -388.546 -381.821 -264.105 -367.547 -383.672 -377.6
0.00716325 -269.9 -375.1 -390.815 -383.909 -268.08 -372.717 -388.785 -382.11 -264.477 -368.017 -384.305 -378.098
0.00717073 -270.543 -375.916 -390.98 -383.521 -268.593 -373.477 -388.98 -381.994 -264.901 -368.58 -384.656 -378.593
0.00717732 -271.247 -376.539 -391.165 -383.367 -269.285 -374.189 -389.027 -381.694 -265.374 -369.292 -384.844 -378.595
0.00718374 -271.871 -377.067 -391.502 -383.206 -269.939 -374.681 -389.329 -381.558 -266.086 -369.943 -384.907 -378.317
0.00718947 -272.423 -377.562 -391.765 -383.014 -270.514 -375.173 -389.614 -381.371 -266.709 -370.371 -385.117 -378.157
0.00719542 -272.732 -378.157 -392.095 -382.849 -271.06 -375.728 -389.879 -381.187 -267.372 -370.88 -385.393 -377.969
0.00720113 -273.006 -378.607 -392.502 -382.688 -271.365 -376.366 -390.238 -380.999 -268.01 -371.47 -385.654 -377.762
0.00720577 -273.111 -378.754 -392.987 -382.599 -271.582 -376.657 -390.694 -380.871 -268.381 -372.153 -386.037 -377.579
0.00720933 -273.218 -378.917 -393.536 -382.279 -271.672 -376.873 -391.183 -380.671 -268.646 -372.583 -386.489 -377.437
0.00720923 -273.634 -379.759 -394.761 -379.038 -272.039 -377.248 -392.125 -378.63 -268.825 -372.811 -386.986 -377.587
0.00720618 -274.166 -380.608 -395.806 -376.158 -272.358 -378.154 -393.254 -375.506 -269.313 -373.282 -388.129 -374.914
0.00720702 -274.483 -380.664 -396.035 -376.325 -272.802 -378.41 -393.708 -375.065 -269.598 -373.971 -389.121 -371.958
0.00720903 -274.858 -380.877 -396.425 -375.662 -273.157 -378.594 -394.086 -374.394 -269.869 -374.071 -389.42 -371.912
0.00721 -275.334 -381.072 -396.878 -374.693 -273.627 -378.822 -394.534 -373.417 -270.317 -374.262 -389.87 -371.074
0.00721138 -275.89 -381.267 -397.345 -373.721 -274.179 -379.034 -395.002 -372.438 -270.86 -374.54 -390.35 -370.085
0.00721267 -276.474 -381.498 -397.785 -372.706 -274.761 -379.271 -395.447 -371.417 -271.441 -374.815 -390.812 -369.05
0.0072141 -277.032 -381.818 -398.246 -371.639 -275.325 -379.594 -395.91 -370.341 -272.017 -375.151 -391.286 -367.963
0.00721554 -277.601 -382.158 -398.729 -370.509 -275.894 -379.934 -396.39 -369.232 -272.594 -375.506 -391.773 -366.849
0.00721663 -278.13 -382.51 -399.234 -369.317 -276.425 -380.287 -396.893 -368.04 -273.127 -375.87 -392.276 -365.7
0.00721775 -278.591 -382.968 -399.769 -368.072 -276.883 -380.751 -397.424 -366.799 -273.585 -376.354 -392.813 -364.463
0.00721861 -279.058 -383.4 -400.39 -366.725 -277.353 -381.196 -398.006 -365.461 -274.059 -376.826 -393.375 -363.13
0.00721934 -279.571 -383.843 -401.043 -365.249 -277.869 -381.644 -398.664 -363.987 -274.58 -377.296 -393.998 -361.668
0.00721992 -280.108 -384.286 -401.714 -363.692 -278.403 -382.089 -399.33 -362.445 -275.111 -377.754 -394.659 -360.152
0.0072207 -280.676 -384.72 -402.36 -362.202 -278.935 -382.526 -399.966 -360.985 -275.636 -378.195 -395.271 -358.742
0.00722196 -281.301 -385.159 -402.97 -360.771 -279.545 -382.967 -400.572 -359.582 -276.171 -378.653 -395.879 -357.386
0.00722306 -281.93 -385.605 -403.585 -359.275 -280.168 -383.409 -401.173 -358.124 -276.781 -379.097 -396.468 -355.987
0.0072239 -282.575 -386.066 -404.196 -357.693 -280.807 -383.859 -401.771 -356.591 -277.414 -379.546 -397.051 -354.532
0.0072244 -283.25 -386.599 -404.795 -355.948 -281.474 -384.34 -402.354 -354.946 -278.074 -379.99 -397.619 -353.008
0.0072243 -283.998 -387.213 -405.462 -353.732 -282.185 -384.907 -402.95 -353.079 -278.764 -380.487 -398.16 -351.398
0.00722244 -284.98 -388.097 -406.408 -350.122 -283.056 -385.649 -403.718 -350.263 -279.508 -381.073 -398.721 -349.644
0.00720018 -288.05 -391.39 -410.806 -333.272 -285.679 -388.377 -407.421 -335.659 -281.403 -382.874 -400.902 -342.275
0.00718187 -289.974 -393.266 -413.353 -324.014 -287.84 -390.561 -410.209 -325.349 -283.97 -385.601 -404.168 -328.996
0.00717603 -290.584 -393.67 -413.573 -323.279 -288.922 -391.541 -411.114 -322.076 -285.816 -387.57 -406.226 -319.487
0.00717573 -291.268 -394.235 -413.881 -321.635 -289.607 -392.111 -411.394 -320.475 -286.509 -388.134 -406.48 -317.951
0.00717579 -291.844 -394.659 -414.016 -320.665 -290.229 -392.598 -411.608 -319.153 -287.167 -388.664 -406.784 -316.33
0.0071763 -292.427 -395.058 -414.192 -319.635 -290.8 -393.002 -411.796 -318.12 -287.752 -389.092 -407.011 -315.131
0.00717709 -292.996 -395.425 -414.319 -318.787 -291.384 -393.383 -411.948 -317.172 -288.325 -389.489 -407.205 -314.051
0.0071784 -293.543 -395.756 -414.372 -318.221 -291.958 -393.748 -412.057 -316.351 -288.92 -389.868 -407.354 -313.108
0.00717984 -294.06 -396.045 -414.364 -317.737 -292.483 -394.046 -412.067 -315.871 -289.476 -390.201 -407.438 -312.315
0.00718109 -294.579 -396.297 -414.347 -317.222 -292.995 -394.298 -412.056 -315.359 -289.989 -390.451 -407.442 -311.809
0.00718221 -295.113 -396.479 -414.344 -316.723 -293.519 -394.477 -412.076 -314.848 -290.497 -390.605 -407.5 -311.321
0.00718287 -295.579 -396.593 -414.335 -316.267 -294.018 -394.574 -412.094 -314.372 -290.977 -390.696 -407.569 -310.818
0.00718357 -295.992 -396.696 -414.378 -315.819 -294.445 -394.675 -412.135 -313.922 -291.485 -390.792 -407.636 -310.33
0.00718386 -296.427 -396.765 -414.403 -315.339 -294.879 -394.739 -412.159 -313.45 -291.927 -390.851 -407.671 -309.867
0.00718341 -296.84 -396.778 -414.396 -314.83 -295.297 -394.733 -412.159 -312.947 -292.354 -390.829 -407.673 -309.376
0.00718289 -297.149 -396.842 -414.409 -314.32 -295.628 -394.796 -412.175 -312.436 -292.712 -390.871 -407.698 -308.869
0.00718232 -297.403 -396.909 -414.47 -313.807 -295.888 -394.863 -412.241 -311.923 -292.987 -390.944 -407.773 -308.359
0.00718146 -297.61 -396.958 -414.526 -313.314 -296.111 -394.912 -412.307 -311.409 -293.233 -390.989 -407.849 -307.846
0.00718054 -297.856 -396.99 -414.542 -312.839 -296.345 -394.946 -412.339 -310.929 -293.462 -391.03 -407.909 -307.332
0.00717935 -298.088 -397.006 -414.519 -312.357 -296.581 -394.964 -412.334 -310.444 -293.713 -391.06 -407.923 -306.828
0.00717814 -298.301 -397.041 -414.374 -311.866 -296.795 -394.996 -412.273 -309.951 -293.932 -391.091 -407.927 -306.335
0.00717182 -299.664 -398.318 -408.246 -313.006 -297.83 -395.86 -407.752 -310.373 -294.288 -391.072 -409.074 -305.887
0.00716011 -301.089 -399.716 -401.465 -314.658 -299.276 -397.289 -400.428 -312.062 -295.589 -392.348 -403.818 -306.729
0.00715566 -301.408 -399.93 -400.742 -314.86 -299.82 -397.793 -399.129 -312.546 -296.769 -393.746 -397.007 -308.091
0.00715345 -301.917 -400.457 -398.586 -315.336 -300.27 -398.248 -397.359 -312.945 -297.155 -394.106 -395.757 -308.4
0.00714926 -302.653 -401.248 -395.265 -316.132 -300.977 -399.012 -393.777 -313.714 -297.641 -394.585 -394.194 -308.866
0.00714594 -303.103 -401.666 -393.491 -316.553 -301.462 -399.473 -392.256 -314.168 -298.354 -395.364 -390.563 -309.652
0.00714502 -303.278 -401.73 -393.45 -316.576 -301.753 -399.7 -391.359 -314.362 -298.759 -395.765 -388.815 -310.012
0.00714638 -303.155 -401.418 -394.93 -316.192 -301.714 -399.501 -393.002 -314.076 -299.108 -396.108 -386.876 -310.286
0.00714928 -303.082 -401.179 -396.132 -315.861 -301.636 -399.28 -394.199 -313.744 -299.02 -395.888 -388.09 -309.962
0.00715253 -303.017 -400.717 -397.377 -315.538 -301.56 -399.032 -395.443 -313.421 -298.948 -395.661 -389.343 -309.645
0.00715052 -304.214 -394.029 -400.526 -316.344 -302.3 -394.348 -397.896 -313.806 -298.872 -396.599 -390.57 -309.302
0.00714438 -305.454 -387.322 -403.744 -317.185 -303.492 -387.728 -401.042 -314.598 -299.883 -391.354 -393.452 -309.93
0.00714272 -305.623 -386.482 -405.17 -317.082 -303.995 -385.087 -403.027 -314.808 -300.905 -384.979 -396.437 -310.61
0.00714231 -306.092 -384.851 -405.774 -317.355 -304.391 -383.92 -403.612 -315.005 -301.312 -382.282 -398.635 -310.732
0.00713907 -307.111 -381.144 -406.379 -318.21 -305.242 -380.686 -404.056 -315.69 -301.724 -381.243 -399.605 -310.96
0.00713615 -307.702 -379.743 -406.583 -318.656 -305.971 -378.595 -404.409 -316.273 -302.662 -377.762 -400.228 -311.745
0.00713538 -308.168 -379.277 -406.635 -318.934 -306.611 -376.873 -404.655 -316.729 -303.364 -375.771 -400.569 -312.285
0.00713813 -308.11 -381.047 -406.211 -318.694 -306.665 -378.848 -404.357 -316.614 -304.022 -373.245 -400.923 -312.761
0.00714256 -308.104 -382.414 -405.895 -318.521 -306.657 -380.214 -404.041 -316.442 -304.008 -374.605 -400.615 -312.595
0.00714712 -308.112 -383.784 -405.585 -318.351 -306.664 -381.583 -403.731 -316.271 -304.008 -375.966 -400.312 -312.435
0.00715201 -308.107 -385.22 -405.282 -318.185 -306.655 -383.016 -403.428 -316.109 -303.992 -377.389 -400.02 -312.282
