0.002 6.40587e-05 6.40587e-05 6.40587e-05 6.40587e-05
0.004 0.000311893 0.000311893 0.000311893 0.000311893
0.006 0.000782863 0.000782863 0.000782863 0.000782863
0.008 0.00144437 0.00144437 0.00144437 0.00144437
0.01 0.00226388 0.00226388 0.00226388 0.00226388
0.012 0.003209 0.003209 0.003209 0.003209
0.014 0.00424746 0.00424746 0.00424746 0.00424746
0.016 0.00534716 0.00534716 0.00534716 0.00534716
0.018 0.00647615 0.00647615 0.00647615 0.00647615
0.02 0.00760262 0.00760262 0.00760262 0.00760262
0.022 0.00869809 0.00869809 0.00869809 0.00869809
0.024 0.00974052 0.00974052 0.00974052 0.00974052
0.026 0.0107111 0.0107111 0.0107111 0.0107111
0.028 0.0115912 0.0115912 0.0115912 0.0115912
0.03 0.0123623 0.0123623 0.0123623 0.0123623
0.032 0.0130059 0.0130059 0.0130059 0.0130059
0.034 0.0135036 0.0135036 0.0135036 0.0135036
0.036 0.0138374 0.0138374 0.0138374 0.0138374
0.038 0.0139891 0.0139891 0.0139891 0.0139891
0.04 0.0139403 0.0139403 0.0139403 0.0139403
0.042 0.0136793 0.0136793 0.0136793 0.0136793
0.044 0.0132145 0.0132145 0.0132145 0.0132145
0.046 0.0125623 0.0125623 0.0125623 0.0125623
0.048 0.0117393 0.0117393 0.0117393 0.0117393
0.05 0.0107621 0.0107621 0.0107621 0.0107621
0.052 0.00964715 0.00964715 0.00964715 0.00964715
0.054 0.00841087 0.00841087 0.00841087 0.00841087
0.056 0.0070697 0.0070697 0.0070697 0.0070697
0.058 0.00563999 0.00563999 0.00563999 0.00563999
0.06 0.00413791 0.00413791 0.00413791 0.00413791
0.062 0.00258324 0.00258324 0.00258324 0.00258324
0.064 0.00100302 0.00100302 0.00100302 0.00100302
0.066 -0.000563414 -0.000563414 -0.000563414 -0.000563414
0.068 -0.00208491 -0.00208491 -0.00208491 -0.00208491
0.07 -0.00354272 -0.00354272 -0.00354272 -0.00354272
0.072 -0.0049065 -0.0049065 -0.0049065 -0.0049065
0.074 -0.00614678 -0.00614678 -0.00614678 -0.00614678
0.076 -0.00723429 -0.00723429 -0.00723429 -0.00723429
0.078 -0.00813994 -0.00813994 -0.00813994 -0.00813994
0.08 -0.00883482 -0.00883482 -0.00883482 -0.00883482
0.082 -0.00929604 -0.00929604 -0.00929604 -0.00929604
0.084 -0.0095126 -0.0095126 -0.0095126 -0.0095126
0.086 -0.00947895 -0.00947895 -0.00947895 -0.00947895
0.088 -0.00918742 -0.00918742 -0.00918742 -0.00918742
0.09 -0.00863316 -0.00863316 -0.00863316 -0.00863316
0.092 -0.00781123 -0.00781123 -0.00781123 -0.00781123
0.094 -0.00671683 -0.00671683 -0.00671683 -0.00671683
0.096 -0.00534522 -0.00534522 -0.00534522 -0.00534522
0.098 -0.00369176 -0.00369176 -0.00369176 -0.00369176
0.1 -0.00175187 -0.00175187 -0.00175187 -0.00175187
0.102 0.000471886 0.000471886 0.000471886 0.000471886
0.104 0.00296281 0.00296281 0.00296281 0.00296281
0.106 0.00569717 0.00569717 0.00569717 0.00569717
0.108 0.00865134 0.00865134 0.00865134 0.00865134
0.11 0.0118017 0.0118017 0.0118017 0.0118017
0.112 0.0151075 0.0151075 0.0151075 0.0151075
0.114 0.018533 0.018533 0.018533 0.018533
0.116 0.0220852 0.0220852 0.0220852 0.0220852
0.118 0.025739 0.025739 0.025739 0.025739
0.12 0.0294718 0.0294718 0.0294718 0.0294718
0.122 0.0332607 0.0332607 0.0332607 0.0332607
0.124 0.0370826 0.0370826 0.0370826 0.0370826
0.126 0.0409142 0.0409142 0.0409142 0.0409142
0.128 0.0447324 0.0447324 0.0447324 0.0447324
0.13 0.0485139 0.0485139 0.0485139 0.0485139
0.132 0.052236 0.052236 0.052236 0.052236
0.134 0.0558757 0.0558757 0.0558757 0.0558757
0.136 0.0594106 0.0594106 0.0594106 0.0594106
0.138 0.0628179 0.0628179 0.0628179 0.0628179
0.14 0.0660755 0.0660755 0.0660755 0.0660755
0.142 0.0691623 0.0691623 0.0691623 0.0691623
0.144 0.0720605 0.0720605 0.0720605 0.0720605
0.146 0.0747534 0.0747534 0.0747534 0.0747534
0.148 0.0772247 0.0772247 0.0772247 0.0772247
0.15 0.079458 0.079458 0.079458 0.079458
0.152 0.0814372 0.0814372 0.0814372 0.0814372
0.154 0.0831463 0.0831463 0.0831463 0.0831463
0.156 0.0845695 0.0845695 0.0845695 0.0845695
0.158 0.0856909 0.0856909 0.0856909 0.0856909
0.16 0.0864951 0.0864951 0.0864951 0.0864951
0.162 0.0869747 0.0869747 0.0869747 0.0869747
0.164 0.0871386 0.0871386 0.0871386 0.0871386
0.166 0.0870027 0.0870027 0.0870027 0.0870027
0.168 0.0865814 0.0865814 0.0865814 0.0865814
0.17 0.0858922 0.0858922 0.0858922 0.0858922
0.172 0.0849519 0.0849519 0.0849519 0.0849519
0.174 0.0837777 0.0837777 0.0837777 0.0837777
0.176 0.0823867 0.0823867 0.0823867 0.0823867
0.178 0.080796 0.080796 0.080796 0.080796
0.18 0.0790225 0.0790225 0.0790225 0.0790225
0.182 0.07709 0.07709 0.07709 0.07709
0.184 0.075035 0.075035 0.075035 0.075035
0.186 0.0729007 0.0729007 0.0729007 0.0729007
0.188 0.0707297 0.0707297 0.0707297 0.0707297
0.19 0.0685646 0.0685646 0.0685646 0.0685646
0.192 0.0664478 0.0664478 0.0664478 0.0664478
0.194 0.0644214 0.0644214 0.0644214 0.0644214
0.196 0.0625274 0.0625274 0.0625274 0.0625274
0.198 0.0608074 0.0608074 0.0608074 0.0608074
0.2 0.0593029 0.0593029 0.0593029 0.0593029
0.202 0.058048 0.058048 0.058048 0.058048
0.204 0.0570624 0.0570624 0.0570624 0.0570624
0.206 0.0563588 0.0563588 0.0563588 0.0563588
0.208 0.0559494 0.0559494 0.0559494 0.0559494
0.21 0.0558468 0.0558468 0.0558468 0.0558468
0.212 0.056063 0.056063 0.056063 0.056063
0.214 0.0566101 0.0566101 0.0566101 0.0566101
0.216 0.0575001 0.0575001 0.0575001 0.0575001
0.218 0.0587447 0.0587447 0.0587447 0.0587447
0.22 0.0603557 0.0603557 0.0603557 0.0603557
0.222 0.0623427 0.0623427 0.0623427 0.0623427
0.224 0.0647118 0.0647118 0.0647118 0.0647118
0.226 0.0674668 0.0674668 0.0674668 0.0674668
0.228 0.0706119 0.0706119 0.0706119 0.0706119
0.23 0.0741507 0.0741507 0.0741507 0.0741507
0.232 0.0780867 0.0780867 0.0780867 0.0780867
0.234 0.0824213 0.0824213 0.0824213 0.0824213
0.236 0.0871294 0.0871294 0.0871294 0.0871294
0.238 0.0922089 0.0922089 0.0922089 0.0922089
0.24 0.0976983 0.0976983 0.0976983 0.0976983
0.242 0.10358 0.10358 0.10358 0.10358
0.244 0.109804 0.109804 0.109804 0.109804
0.246 0.116303 0.116303 0.116303 0.116303
0.248 0.123009 0.123009 0.123009 0.123009
0.25 0.129856 0.129856 0.129856 0.129856
0.252 0.136778 0.136778 0.136778 0.136778
0.254 0.143707 0.143707 0.143707 0.143707
0.256 0.150579 0.150579 0.150579 0.150579
0.258 0.157327 0.157327 0.157327 0.157327
0.26 0.163887 0.163887 0.163887 0.163887
0.262 0.170211 0.170211 0.170211 0.170211
0.264 0.176288 0.176288 0.176288 0.176288
0.266 0.182123 0.182123 0.182123 0.182123
0.268 0.187723 0.187723 0.187723 0.187723
0.27 0.193092 0.193092 0.193092 0.193092
0.272 0.198237 0.198237 0.198237 0.198237
0.274 0.203164 0.203164 0.203164 0.203164
0.276 0.207878 0.207878 0.207878 0.207878
0.278 0.212386 0.212386 0.212386 0.212386
0.28 0.216693 0.216693 0.216693 0.216693
0.282 0.220806 0.220806 0.220806 0.220806
0.284 0.224734 0.224734 0.224734 0.224734
0.286 0.228486 0.228486 0.228486 0.228486
0.288 0.232072 0.232072 0.232072 0.232072
0.29 0.235502 0.235502 0.235502 0.235502
0.292 0.238784 0.238784 0.238784 0.238784
0.294 0.241929 0.241929 0.241929 0.241929
0.296 0.244946 0.244946 0.244946 0.244946
0.298 0.247843 0.247843 0.247843 0.247843
0.3 0.250632 0.250632 0.250632 0.250632
0.302 0.253306 0.253306 0.253306 0.253306
0.304 0.255831 0.255831 0.255831 0.255831
0.306 0.258156 0.258156 0.258156 0.258156
0.308 0.260233 0.260233 0.260233 0.260233
0.31 0.262012 0.262012 0.262012 0.262012
0.312 0.263445 0.263445 0.263445 0.263445
0.314 0.264484 0.264484 0.264484 0.264484
0.316 0.26508 0.26508 0.26508 0.26508
0.318 0.265186 0.265186 0.265186 0.265186
0.32 0.264752 0.264752 0.264752 0.264752
0.322 0.263751 0.263751 0.263751 0.263751
0.324 0.262213 0.262213 0.262213 0.262213
0.326 0.260192 0.260192 0.260192 0.260192
0.328 0.257742 0.257742 0.257742 0.257742
0.33 0.254917 0.254917 0.254917 0.254917
0.332 0.251772 0.251772 0.251772 0.251772
0.334 0.248358 0.248358 0.248358 0.248358
0.336 0.244731 0.244731 0.244731 0.244731
0.338 0.240944 0.240944 0.240944 0.240944
0.34 0.237048 0.237048 0.237048 0.237048
0.342 0.233076 0.233076 0.233076 0.233076
0.344 0.229015 0.229015 0.229015 0.229015
0.346 0.224832 0.224832 0.224832 0.224832
0.348 0.220491 0.220491 0.220491 0.220491
0.35 0.215961 0.215961 0.215961 0.215961
0.352 0.211208 0.211208 0.211208 0.211208
0.354 0.206198 0.206198 0.206198 0.206198
0.356 0.200899 0.200899 0.200899 0.200899
0.358 0.195278 0.195278 0.195278 0.195278
0.36 0.189304 0.189304 0.189304 0.189304
0.362 0.182953 0.182953 0.182953 0.182953
0.364 0.176227 0.176227 0.176227 0.176227
0.366 0.169137 0.169137 0.169137 0.169137
0.368 0.161692 0.161692 0.161692 0.161692
0.37 0.153904 0.153904 0.153904 0.153904
0.372 0.145784 0.145784 0.145784 0.145784
0.374 0.137342 0.137342 0.137342 0.137342
0.376 0.128589 0.128589 0.128589 0.128589
0.378 0.119537 0.119537 0.119537 0.119537
0.38 0.110196 0.110196 0.110196 0.110196
0.382 0.100583 0.100583 0.100583 0.100583
0.384 0.0907301 0.0907301 0.0907301 0.0907301
0.386 0.0806772 0.0806772 0.0806772 0.0806772
0.388 0.0704621 0.0704621 0.0704621 0.0704621
0.39 0.0601232 0.0601232 0.0601232 0.0601232
0.392 0.0496986 0.0496986 0.0496986 0.0496986
0.394 0.0392284 0.0392284 0.0392284 0.0392284
0.396 0.0287513 0.0287513 0.0287513 0.0287513
0.398 0.0183131 0.0183131 0.0183131 0.0183131
0.4 0.00796397 0.00796397 0.00796397 0.00796397
0.402 -0.00225666 -0.00225666 -0.00225666 -0.00225666
0.404 -0.0123173 -0.0123173 -0.0123173 -0.0123173
0.406 -0.0222255 -0.0222255 -0.0222255 -0.0222255
0.408 -0.0319615 -0.0319615 -0.0319615 -0.0319615
0.41 -0.0414994 -0.0414994 -0.0414994 -0.0414994
0.412 -0.050819 -0.050819 -0.050819 -0.050819
0.414 -0.0598989 -0.0598989 -0.0598989 -0.0598989
0.416 -0.0687161 -0.0687161 -0.0687161 -0.0687161
0.418 -0.0772483 -0.0772483 -0.0772483 -0.0772483
0.42 -0.0854729 -0.0854729 -0.0854729 -0.0854729
0.422 -0.0933665 -0.0933665 -0.0933665 -0.0933665
0.424 -0.100902 -0.100902 -0.100902 -0.100902
0.426 -0.108052 -0.108052 -0.108052 -0.108052
0.428 -0.114788 -0.114788 -0.114788 -0.114788
0.43 -0.121084 -0.121084 -0.121084 -0.121084
0.432 -0.126911 -0.126911 -0.126911 -0.126911
0.434 -0.132242 -0.132242 -0.132242 -0.132242
0.436 -0.137052 -0.137052 -0.137052 -0.137052
0.438 -0.141312 -0.141312 -0.141312 -0.141312
0.44 -0.144997 -0.144997 -0.144997 -0.144997
0.442 -0.148088 -0.148088 -0.148088 -0.148088
0.444 -0.150576 -0.150576 -0.150576 -0.150576
0.446 -0.15246 -0.15246 -0.15246 -0.15246
0.448 -0.153739 -0.153739 -0.153739 -0.153739
0.45 -0.154411 -0.154411 -0.154411 -0.154411
0.452 -0.154476 -0.154476 -0.154476 -0.154476
0.454 -0.153927 -0.153927 -0.153927 -0.153927
0.456 -0.152762 -0.152762 -0.152762 -0.152762
0.458 -0.150981 -0.150981 -0.150981 -0.150981
0.46 -0.148583 -0.148583 -0.148583 -0.148583
0.462 -0.145583 -0.145583 -0.145583 -0.145583
0.464 -0.142026 -0.142026 -0.142026 -0.142026
0.466 -0.137974 -0.137974 -0.137974 -0.137974
0.468 -0.133486 -0.133486 -0.133486 -0.133486
0.47 -0.128623 -0.128623 -0.128623 -0.128623
0.472 -0.123445 -0.123445 -0.123445 -0.123445
0.474 -0.118011 -0.118011 -0.118011 -0.118011
0.476 -0.112381 -0.112381 -0.112381 -0.112381
0.478 -0.106614 -0.106614 -0.106614 -0.106614
0.48 -0.100768 -0.100768 -0.100768 -0.100768
0.482 -0.0949088 -0.0949088 -0.0949088 -0.0949088
0.484 -0.0891145 -0.0891145 -0.0891145 -0.0891145
0.486 -0.0834691 -0.0834691 -0.0834691 -0.0834691
0.488 -0.0780563 -0.0780563 -0.0780563 -0.0780563
0.49 -0.0729591 -0.0729591 -0.0729591 -0.0729591
0.492 -0.0682603 -0.0682603 -0.0682603 -0.0682603
0.494 -0.0640421 -0.0640421 -0.0640421 -0.0640421
0.496 -0.060386 -0.060386 -0.060386 -0.060386
0.498 -0.0573731 -0.0573731 -0.0573731 -0.0573731
0.5 -0.0550839 -0.0550839 -0.0550839 -0.0550839
0.502 -0.0535347 -0.0535347 -0.0535347 -0.0535347
0.504 -0.052614 -0.052614 -0.052614 -0.052614
0.506 -0.0521473 -0.0521473 -0.0521473 -0.0521473
0.508 -0.0519606 -0.0519606 -0.0519606 -0.0519606
0.51 -0.051881 -0.051881 -0.051881 -0.051881
0.512 -0.0517363 -0.0517363 -0.0517363 -0.0517363
0.514 -0.0513553 -0.0513553 -0.0513553 -0.0513553
0.516 -0.0505677 -0.0505677 -0.0505677 -0.0505677
0.518 -0.0492041 -0.0492041 -0.0492041 -0.0492041
0.52 -0.0470961 -0.0470961 -0.0470961 -0.0470961
0.522 -0.0441113 -0.0441113 -0.0441113 -0.0441113
0.524 -0.0401875 -0.0401875 -0.0401875 -0.0401875
0.526 -0.0352979 -0.0352979 -0.0352979 -0.0352979
0.528 -0.029416 -0.029416 -0.029416 -0.029416
0.53 -0.0225159 -0.0225159 -0.0225159 -0.0225159
0.532 -0.0145715 -0.0145715 -0.0145715 -0.0145715
0.534 -0.0055575 -0.0055575 -0.0055575 -0.0055575
0.536 0.00455134 0.00455134 0.00455134 0.00455134
0.538 0.0157798 0.0157798 0.0157798 0.0157798
0.54 0.0281525 0.0281525 0.0281525 0.0281525
0.542 0.0416287 0.0416287 0.0416287 0.0416287
0.544 0.056038 0.056038 0.056038 0.056038
0.546 0.0711462 0.0711462 0.0711462 0.0711462
0.548 0.0867197 0.0867197 0.0867197 0.0867197
0.55 0.102527 0.102527 0.102527 0.102527
0.552 0.118336 0.118336 0.118336 0.118336
0.554 0.133917 0.133917 0.133917 0.133917
0.556 0.149043 0.149043 0.149043 0.149043
0.558 0.163485 0.163485 0.163485 0.163485
0.56 0.177018 0.177018 0.177018 0.177018
0.562 0.189428 0.189428 0.189428 0.189428
0.564 0.200522 0.200522 0.200522 0.200522
0.566 0.210116 0.210116 0.210116 0.210116
0.568 0.218033 0.218033 0.218033 0.218033
0.57 0.224091 0.224091 0.224091 0.224091
0.572 0.228114 0.228114 0.228114 0.228114
0.574 0.229925 0.229925 0.229925 0.229925
0.576 0.22935 0.22935 0.22935 0.22935
0.578 0.226214 0.226214 0.226214 0.226214
0.58 0.220344 0.220344 0.220344 0.220344
0.582 0.21162 0.21162 0.21162 0.21162
0.584 0.200022 0.200022 0.200022 0.200022
0.586 0.185581 0.185581 0.185581 0.185581
0.588 0.168329 0.168329 0.168329 0.168329
0.59 0.148298 0.148298 0.148298 0.148298
0.592 0.125519 0.125519 0.125519 0.125519
0.594 0.100026 0.100026 0.100026 0.100026
0.596 0.071851 0.071851 0.071851 0.071851
0.598 0.041028 0.041028 0.041028 0.041028
0.6 0.00759021 0.00759021 0.00759021 0.00759021
0.602 -0.0283677 -0.0283677 -0.0283677 -0.0283677
0.604 -0.0666298 -0.0666298 -0.0666298 -0.0666298
0.606 -0.10692 -0.10692 -0.10692 -0.10692
0.608 -0.148945 -0.148945 -0.148945 -0.148945
0.61 -0.192011 -0.192011 -0.192011 -0.192011
0.612 -0.236213 -0.236213 -0.236213 -0.236213
0.614 -0.281341 -0.281341 -0.281341 -0.281341
0.616 -0.327129 -0.327129 -0.327129 -0.327129
0.618 -0.373312 -0.373312 -0.373312 -0.373312
0.62 -0.419624 -0.419624 -0.419624 -0.419624
0.622 -0.465834 -0.465834 -0.465834 -0.465834
0.624 -0.511767 -0.511767 -0.511767 -0.511767
0.626 -0.557283 -0.557283 -0.557283 -0.557283
0.628 -0.602239 -0.602239 -0.602239 -0.602239
0.63 -0.646494 -0.646494 -0.646494 -0.646494
0.632 -0.68991 -0.68991 -0.68991 -0.68991
0.634 -0.732348 -0.732348 -0.732348 -0.732348
0.636 -0.773669 -0.773669 -0.773669 -0.773669
0.638 -0.813738 -0.813738 -0.813738 -0.813738
0.64 -0.852419 -0.852419 -0.852419 -0.852419
0.642 -0.889628 -0.889628 -0.889628 -0.889628
0.644 -0.92539 -0.92539 -0.92539 -0.92539
0.646 -0.959778 -0.959778 -0.959778 -0.959778
0.648 -0.992868 -0.992868 -0.992868 -0.992868
0.65 -1.02473 -1.02473 -1.02473 -1.02473
0.652 -1.05545 -1.05545 -1.05545 -1.05545
0.654 -1.0851 -1.0851 -1.0851 -1.0851
0.656 -1.11374 -1.11374 -1.11374 -1.11374
0.658 -1.14146 -1.14146 -1.14146 -1.14146
0.66 -1.16833 -1.16833 -1.16833 -1.16833
0.662 -1.19439 -1.19439 -1.19439 -1.19439
0.664 -1.21964 -1.21964 -1.21964 -1.21964
0.666 -1.24401 -1.24401 -1.24401 -1.24401
0.668 -1.26746 -1.26746 -1.26746 -1.26746
0.67 -1.28996 -1.28996 -1.28996 -1.28996
0.672 -1.31146 -1.31146 -1.31146 -1.31146
0.674 -1.3319 -1.3319 -1.3319 -1.3319
0.676 -1.35126 -1.35126 -1.35126 -1.35126
0.678 -1.36948 -1.36948 -1.36948 -1.36948
0.68 -1.38652 -1.38652 -1.38652 -1.38652
0.682 -1.40236 -1.40236 -1.40236 -1.40236
0.684 -1.41702 -1.41702 -1.41702 -1.41702
0.686 -1.43054 -1.43054 -1.43054 -1.43054
0.688 -1.44295 -1.44295 -1.44295 -1.44295
0.69 -1.4543 -1.4543 -1.4543 -1.4543
0.692 -1.46462 -1.46462 -1.46462 -1.46462
0.694 -1.47395 -1.47395 -1.47395 -1.47395
0.696 -1.48233 -1.48233 -1.48233 -1.48233
0.698 -1.48979 -1.48979 -1.48979 -1.48979
0.7 -1.49639 -1.49639 -1.49639 -1.49639
0.702 -1.50214 -1.50214 -1.50214 -1.50214
0.704 -1.50705 -1.50705 -1.50705 -1.50705
0.706 -1.51113 -1.51113 -1.51113 -1.51113
0.708 -1.51438 -1.51438 -1.51438 -1.51438
0.71 -1.5168 -1.5168 -1.5168 -1.5168
0.712 -1.51838 -1.51838 -1.51838 -1.51838
0.714 -1.51912 -1.51912 -1.51912 -1.51912
0.716 -1.51903 -1.51903 -1.51903 -1.51903
0.718 -1.5181 -1.5181 -1.5181 -1.5181
0.72 -1.51634 -1.51634 -1.51634 -1.51634
0.722 -1.51377 -1.51377 -1.51377 -1.51377
0.724 -1.51042 -1.51042 -1.51042 -1.51042
0.726 -1.50637 -1.50637 -1.50637 -1.50637
0.728 -1.50169 -1.50169 -1.50169 -1.50169
0.73 -1.49643 -1.49643 -1.49643 -1.49643
0.732 -1.49066 -1.49066 -1.49066 -1.49066
0.734 -1.48445 -1.48445 -1.48445 -1.48445
0.736 -1.47785 -1.47785 -1.47785 -1.47785
0.738 -1.47094 -1.47094 -1.47094 -1.47094
0.74 -1.46377 -1.46377 -1.46377 -1.46377
0.742 -1.4564 -1.4564 -1.4564 -1.4564
0.744 -1.44888 -1.44888 -1.44888 -1.44888
0.746 -1.44124 -1.44124 -1.44124 -1.44124
0.748 -1.43352 -1.43352 -1.43352 -1.43352
0.75 -1.42576 -1.42576 -1.42576 -1.42576
0.752 -1.418 -1.418 -1.418 -1.418
0.754 -1.41027 -1.41027 -1.41027 -1.41027
0.756 -1.4026 -1.4026 -1.4026 -1.4026
0.758 -1.39504 -1.39504 -1.39504 -1.39504
0.76 -1.38762 -1.38762 -1.38762 -1.38762
0.762 -1.38029 -1.38029 -1.38029 -1.38029
0.764 -1.37284 -1.37284 -1.37284 -1.37284
0.766 -1.36494 -1.36494 -1.36494 -1.36494
0.768 -1.35631 -1.35631 -1.35631 -1.35631
0.77 -1.34665 -1.34665 -1.34665 -1.34665
0.772 -1.33564 -1.33564 -1.33564 -1.33564
0.774 -1.32299 -1.32299 -1.32299 -1.32299
0.776 -1.30841 -1.30841 -1.30841 -1.30841
0.778 -1.29161 -1.29161 -1.29161 -1.29161
0.78 -1.27228 -1.27228 -1.27228 -1.27228
0.782 -1.2503 -1.2503 -1.2503 -1.2503
0.784 -1.22589 -1.22589 -1.22589 -1.22589
0.786 -1.19941 -1.19941 -1.19941 -1.19941
0.788 -1.17123 -1.17123 -1.17123 -1.17123
0.79 -1.14172 -1.14172 -1.14172 -1.14172
0.792 -1.11125 -1.11125 -1.11125 -1.11125
0.794 -1.08018 -1.08018 -1.08018 -1.08018
0.796 -1.04887 -1.04887 -1.04887 -1.04887
0.798 -1.01768 -1.01768 -1.01768 -1.01768
0.8 -0.986982 -0.986982 -0.986982 -0.986982
0.802 -0.957104 -0.957104 -0.957104 -0.957104
0.804 -0.928353 -0.928353 -0.928353 -0.928353
0.806 -0.901011 -0.901011 -0.901011 -0.901011
0.808 -0.875361 -0.875361 -0.875361 -0.875361
0.81 -0.851683 -0.851683 -0.851683 -0.851683
0.812 -0.830256 -0.830256 -0.830256 -0.830256
0.814 -0.811354 -0.811354 -0.811354 -0.811354
0.816 -0.795254 -0.795254 -0.795254 -0.795254
0.818 -0.782226 -0.782226 -0.782226 -0.782226
0.82 -0.772542 -0.772542 -0.772542 -0.772542
0.822 -0.766381 -0.766381 -0.766381 -0.766381
0.824 -0.763747 -0.763747 -0.763747 -0.763747
0.826 -0.764558 -0.764558 -0.764558 -0.764558
0.828 -0.768729 -0.768729 -0.768729 -0.768729
0.83 -0.776176 -0.776176 -0.776176 -0.776176
0.832 -0.786813 -0.786813 -0.786813 -0.786813
0.834 -0.800557 -0.800557 -0.800557 -0.800557
0.836 -0.817322 -0.817322 -0.817322 -0.817322
0.838 -0.837022 -0.837022 -0.837022 -0.837022
0.84 -0.859574 -0.859574 -0.859574 -0.859574
0.842 -0.88492 -0.88492 -0.88492 -0.88492
0.844 -0.913068 -0.913068 -0.913068 -0.913068
0.846 -0.94405 -0.94405 -0.94405 -0.94405
0.848 -0.977903 -0.977903 -0.977903 -0.977903
0.85 -1.01466 -1.01466 -1.01466 -1.01466
0.852 -1.05435 -1.05435 -1.05435 -1.05435
0.854 -1.097 -1.097 -1.097 -1.097
0.856 -1.14266 -1.14266 -1.14266 -1.14266
0.858 -1.19134 -1.19134 -1.19134 -1.19134
0.86 -1.24309 -1.24309 -1.24309 -1.24309
0.862 -1.29776 -1.29776 -1.29776 -1.29776
0.864 -1.3549 -1.3549 -1.3549 -1.3549
0.866 -1.4139 -1.4139 -1.4139 -1.4139
0.868 -1.47412 -1.47412 -1.47412 -1.47412
0.87 -1.53496 -1.53496 -1.53496 -1.53496
0.872 -1.59574 -1.59574 -1.59574 -1.59574
0.874 -1.65572 -1.65572 -1.65572 -1.65572
0.876 -1.71437 -1.71437 -1.71437 -1.71437
0.878 -1.77117 -1.77117 -1.77117 -1.77117
0.88 -1.8256 -1.8256 -1.8256 -1.8256
0.882 -1.87722 -1.87722 -1.87722 -1.87722
0.884 -1.92583 -1.92583 -1.92583 -1.92583
0.886 -1.97135 -1.97135 -1.97135 -1.97135
0.888 -2.01371 -2.01371 -2.01371 -2.01371
0.89 -2.0528 -2.0528 -2.0528 -2.0528
0.892 -2.08856 -2.08856 -2.08856 -2.08856
0.894 -2.12089 -2.12089 -2.12089 -2.12089
0.896 -2.14973 -2.14973 -2.14973 -2.14973
0.898 -2.17498 -2.17498 -2.17498 -2.17498
0.9 -2.19657 -2.19657 -2.19657 -2.19657
0.902 -2.21453 -2.21453 -2.21453 -2.21453
0.904 -2.22909 -2.22909 -2.22909 -2.22909
0.906 -2.24057 -2.24057 -2.24057 -2.24057
0.908 -2.24933 -2.24933 -2.24933 -2.24933
0.91 -2.25569 -2.25569 -2.25569 -2.25569
0.912 -2.25997 -2.25997 -2.25997 -2.25997
0.914 -2.26251 -2.26251 -2.26251 -2.26251
0.916 -2.26364 -2.26364 -2.26364 -2.26364
0.918 -2.26366 -2.26366 -2.26366 -2.26366
0.92 -2.26292 -2.26292 -2.26292 -2.26292
0.922 -2.26164 -2.26164 -2.26164 -2.26164
0.924 -2.2598 -2.2598 -2.2598 -2.2598
0.926 -2.25729 -2.25729 -2.25729 -2.25729
0.928 -2.254 -2.254 -2.254 -2.254
0.93 -2.24981 -2.24981 -2.24981 -2.24981
0.932 -2.2446 -2.2446 -2.2446 -2.2446
0.934 -2.23828 -2.23828 -2.23828 -2.23828
0.936 -2.23072 -2.23072 -2.23072 -2.23072
0.938 -2.22181 -2.22181 -2.22181 -2.22181
0.94 -2.21145 -2.21145 -2.21145 -2.21145
0.942 -2.19962 -2.19962 -2.19962 -2.19962
0.944 -2.1865 -2.1865 -2.1865 -2.1865
0.946 -2.17235 -2.17235 -2.17235 -2.17235
0.948 -2.15745 -2.15745 -2.15745 -2.15745
0.95 -2.14206 -2.14206 -2.14206 -2.14206
0.952 -2.12646 -2.12646 -2.12646 -2.12646
0.954 -2.1109 -2.1109 -2.1109 -2.1109
0.956 -2.09566 -2.09566 -2.09566 -2.09566
0.958 -2.08099 -2.08099 -2.08099 -2.08099
0.96 -2.06715 -2.06715 -2.06715 -2.06715
0.962 -2.0543 -2.0543 -2.0543 -2.0543
0.964 -2.04237 -2.04237 -2.04237 -2.04237
0.966 -2.03118 -2.03118 -2.03118 -2.03118
0.968 -2.02055 -2.02055 -2.02055 -2.02055
0.97 -2.01031 -2.01031 -2.01031 -2.01031
0.972 -2.00028 -2.00028 -2.00028 -2.00028
0.974 -1.99028 -1.99028 -1.99028 -1.99028
0.976 -1.98014 -1.98014 -1.98014 -1.98014
0.978 -1.96969 -1.96969 -1.96969 -1.96969
0.98 -1.95875 -1.95875 -1.95875 -1.95875
0.982 -1.94718 -1.94718 -1.94718 -1.94718
0.984 -1.93485 -1.93485 -1.93485 -1.93485
0.986 -1.92165 -1.92165 -1.92165 -1.92165
0.988 -1.90749 -1.90749 -1.90749 -1.90749
0.99 -1.89226 -1.89226 -1.89226 -1.89226
0.992 -1.87586 -1.87586 -1.87586 -1.87586
0.994 -1.85819 -1.85819 -1.85819 -1.85819
0.996 -1.83915 -1.83915 -1.83915 -1.83915
0.998 -1.81865 -1.81865 -1.81865 -1.81865
1 -1.79658 -1.79658 -1.79658 -1.79658
1.002 -1.773 -1.773 -1.773 -1.773
1.004 -1.74829 -1.74829 -1.74829 -1.74829
1.006 -1.72297 -1.72297 -1.72297 -1.72297
1.008 -1.69756 -1.69756 -1.69756 -1.69756
1.01 -1.6726 -1.6726 -1.6726 -1.6726
1.012 -1.6486 -1.6486 -1.6486 -1.6486
1.014 -1.62608 -1.62608 -1.62608 -1.62608
1.016 -1.60554 -1.60554 -1.60554 -1.60554
1.018 -1.5875 -1.5875 -1.5875 -1.5875
1.02 -1.57247 -1.57247 -1.57247 -1.57247
1.022 -1.56071 -1.56071 -1.56071 -1.56071
1.024 -1.55197 -1.55197 -1.55197 -1.55197
1.026 -1.54578 -1.54578 -1.54578 -1.54578
1.028 -1.54166 -1.54166 -1.54166 -1.54166
1.03 -1.53913 -1.53913 -1.53913 -1.53913
1.032 -1.53772 -1.53772 -1.53772 -1.53772
1.034 -1.53694 -1.53694 -1.53694 -1.53694
1.036 -1.53634 -1.53634 -1.53634 -1.53634
1.038 -1.53544 -1.53544 -1.53544 -1.53544
1.04 -1.53378 -1.53378 -1.53378 -1.53378
1.042 -1.53097 -1.53097 -1.53097 -1.53097
1.044 -1.52679 -1.52679 -1.52679 -1.52679
1.046 -1.52109 -1.52109 -1.52109 -1.52109
1.048 -1.51373 -1.51373 -1.51373 -1.51373
1.05 -1.50457 -1.50457 -1.50457 -1.50457
1.052 -1.49346 -1.49346 -1.49346 -1.49346
1.054 -1.48026 -1.48026 -1.48026 -1.48026
1.056 -1.46484 -1.46484 -1.46484 -1.46484
1.058 -1.44705 -1.44705 -1.44705 -1.44705
1.06 -1.42676 -1.42676 -1.42676 -1.42676
1.062 -1.40399 -1.40399 -1.40399 -1.40399
1.064 -1.37908 -1.37908 -1.37908 -1.37908
1.066 -1.35252 -1.35252 -1.35252 -1.35252
1.068 -1.3248 -1.3248 -1.3248 -1.3248
1.07 -1.29643 -1.29643 -1.29643 -1.29643
1.072 -1.26788 -1.26788 -1.26788 -1.26788
1.074 -1.23964 -1.23964 -1.23964 -1.23964
1.076 -1.21219 -1.21219 -1.21219 -1.21219
1.078 -1.18601 -1.18601 -1.18601 -1.18601
1.08 -1.16159 -1.16159 -1.16159 -1.16159
1.082 -1.13914 -1.13914 -1.13914 -1.13914
1.084 -1.11836 -1.11836 -1.11836 -1.11836
1.086 -1.09872 -1.09872 -1.09872 -1.09872
1.088 -1.07967 -1.07967 -1.07967 -1.07967
1.09 -1.06067 -1.06067 -1.06067 -1.06067
1.092 -1.04119 -1.04119 -1.04119 -1.04119
1.094 -1.02069 -1.02069 -1.02069 -1.02069
1.096 -0.998629 -0.998629 -0.998629 -0.998629
1.098 -0.974492 -0.974492 -0.974492 -0.974492
1.1 -0.947748 -0.947748 -0.947748 -0.947748
1.102 -0.917896 -0.917896 -0.917896 -0.917896
1.104 -0.884477 -0.884477 -0.884477 -0.884477
1.106 -0.847054 -0.847054 -0.847054 -0.847054
1.108 -0.805194 -0.805194 -0.805194 -0.805194
1.11 -0.758468 -0.758468 -0.758468 -0.758468
1.112 -0.706449 -0.706449 -0.706449 -0.706449
1.114 -0.648712 -0.648712 -0.648712 -0.648712
1.116 -0.584838 -0.584838 -0.584838 -0.584838
1.118 -0.514408 -0.514408 -0.514408 -0.514408
1.12 -0.43701 -0.43701 -0.43701 -0.43701
1.122 -0.352732 -0.352732 -0.352732 -0.352732
1.124 -0.262667 -0.262667 -0.262667 -0.262667
1.126 -0.1684 -0.1684 -0.1684 -0.1684
1.128 -0.071513 -0.071513 -0.071513 -0.071513
1.13 0.0264235 0.0264235 0.0264235 0.0264235
1.132 0.123845 0.123845 0.123845 0.123845
1.134 0.219196 0.219196 0.219196 0.219196
1.136 0.31093 0.31093 0.31093 0.31093
1.138 0.397507 0.397507 0.397507 0.397507
1.14 0.47737 0.47737 0.47737 0.47737
1.142 0.549353 0.549353 0.549353 0.549353
1.144 0.613257 0.613257 0.613257 0.613257
1.146 0.669303 0.669303 0.669303 0.669303
1.148 0.717801 0.717801 0.717801 0.717801
1.15 0.758986 0.758986 0.758986 0.758986
1.152 0.793123 0.793123 0.793123 0.793123
1.154 0.820447 0.820447 0.820447 0.820447
1.156 0.841196 0.841196 0.841196 0.841196
1.158 0.855603 0.855603 0.855603 0.855603
1.16 0.863895 0.863895 0.863895 0.863895
1.162 0.866533 0.866533 0.866533 0.866533
1.164 0.864432 0.864432 0.864432 0.864432
1.166 0.858745 0.858745 0.858745 0.858745
1.168 0.850649 0.850649 0.850649 0.850649
1.17 0.841313 0.841313 0.841313 0.841313
1.172 0.831901 0.831901 0.831901 0.831901
1.174 0.823572 0.823572 0.823572 0.823572
1.176 0.817478 0.817478 0.817478 0.817478
1.178 0.814765 0.814765 0.814765 0.814765
1.18 0.816573 0.816573 0.816573 0.816573
1.182 0.823637 0.823637 0.823637 0.823637
1.184 0.835894 0.835894 0.835894 0.835894
1.186 0.852855 0.852855 0.852855 0.852855
1.188 0.873963 0.873963 0.873963 0.873963
1.19 0.898758 0.898758 0.898758 0.898758
1.192 0.926869 0.926869 0.926869 0.926869
1.194 0.957855 0.957855 0.957855 0.957855
1.196 0.991266 0.991266 0.991266 0.991266
1.198 1.02665 1.02665 1.02665 1.02665
1.2 1.06356 1.06356 1.06356 1.06356
1.202 1.10187 1.10187 1.10187 1.10187
1.204 1.14203 1.14203 1.14203 1.14203
1.206 1.18479 1.18479 1.18479 1.18479
1.208 1.23089 1.23089 1.23089 1.23089
1.21 1.28106 1.28106 1.28106 1.28106
1.212 1.33603 1.33603 1.33603 1.33603
1.214 1.39653 1.39653 1.39653 1.39653
1.216 1.4633 1.4633 1.4633 1.4633
1.218 1.53705 1.53705 1.53705 1.53705
1.22 1.61849 1.61849 1.61849 1.61849
1.222 1.70799 1.70799 1.70799 1.70799
1.224 1.8052 1.8052 1.8052 1.8052
1.226 1.90941 1.90941 1.90941 1.90941
1.228 2.01995 2.01995 2.01995 2.01995
1.23 2.13612 2.13612 2.13612 2.13612
1.232 2.25724 2.25724 2.25724 2.25724
1.234 2.38261 2.38261 2.38261 2.38261
1.236 2.51157 2.51157 2.51157 2.51157
1.238 2.64343 2.64343 2.64343 2.64343
1.24 2.77751 2.77751 2.77751 2.77751
1.242 2.91308 2.91308 2.91308 2.91308
1.244 3.04925 3.04925 3.04925 3.04925
1.246 3.18505 3.18505 3.18505 3.18505
1.248 3.31954 3.31954 3.31954 3.31954
1.25 3.45175 3.45175 3.45175 3.45175
1.252 3.58077 3.58077 3.58077 3.58077
1.254 3.70563 3.70563 3.70563 3.70563
1.256 3.82543 3.82543 3.82543 3.82543
1.258 3.93923 3.93923 3.93923 3.93923
1.26 4.04611 4.04611 4.04611 4.04611
1.262 4.14561 4.14561 4.14561 4.14561
1.264 4.23816 4.23816 4.23816 4.23816
1.266 4.32463 4.32463 4.32463 4.32463
1.268 4.4059 4.4059 4.4059 4.4059
1.27 4.48282 4.48282 4.48282 4.48282
1.272 4.55627 4.55627 4.55627 4.55627
1.274 4.62709 4.62709 4.62709 4.62709
1.276 4.69616 4.69616 4.69616 4.69616
1.278 4.76431 4.76431 4.76431 4.76431
1.28 4.8324 4.8324 4.8324 4.8324
1.282 4.90089 4.90089 4.90089 4.90089
1.284 4.96951 4.96951 4.96951 4.96951
1.286 5.03759 5.03759 5.03759 5.03759
1.288 5.1045 5.1045 5.1045 5.1045
1.29 5.16959 5.16959 5.16959 5.16959
1.292 5.23221 5.23221 5.23221 5.23221
1.294 5.29174 5.29174 5.29174 5.29174
1.296 5.34754 5.34754 5.34754 5.34754
1.298 5.39899 5.39899 5.39899 5.39899
1.3 5.44545 5.44545 5.44545 5.44545
1.302 5.48649 5.48649 5.48649 5.48649
1.304 5.52199 5.52199 5.52199 5.52199
1.306 5.55202 5.55202 5.55202 5.55202
1.308 5.57664 5.57664 5.57664 5.57664
1.31 5.59592 5.59592 5.59592 5.59592
1.312 5.60993 5.60993 5.60993 5.60993
1.314 5.61873 5.61873 5.61873 5.61873
1.316 5.62239 5.62239 5.62239 5.62239
1.318 5.62098 5.62098 5.62098 5.62098
1.32 5.61456 5.61456 5.61456 5.61456
1.322 5.60318 5.60318 5.60318 5.60318
1.324 5.58696 5.58696 5.58696 5.58696
1.326 5.56602 5.56602 5.56602 5.56602
1.328 5.54053 5.54053 5.54053 5.54053
1.33 5.51062 5.51062 5.51062 5.51062
1.332 5.47643 5.47643 5.47643 5.47643
1.334 5.43811 5.43811 5.43811 5.43811
1.336 5.39581 5.39581 5.39581 5.39581
1.338 5.34966 5.34966 5.34966 5.34966
1.34 5.29983 5.29983 5.29983 5.29983
1.342 5.24642 5.24642 5.24642 5.24642
1.344 5.18952 5.18952 5.18952 5.18952
1.346 5.12916 5.12916 5.12916 5.12916
1.348 5.06541 5.06541 5.06541 5.06541
1.35 4.9983 4.9983 4.9983 4.9983
1.352 4.9279 4.9279 4.9279 4.9279
1.354 4.85424 4.85424 4.85424 4.85424
1.356 4.77739 4.77739 4.77739 4.77739
1.358 4.69739 4.69739 4.69739 4.69739
1.36 4.6143 4.6143 4.6143 4.6143
1.362 4.52839 4.52839 4.52839 4.52839
1.364 4.44044 4.44044 4.44044 4.44044
1.366 4.35144 4.35144 4.35144 4.35144
1.368 4.26238 4.26238 4.26238 4.26238
1.37 4.17423 4.17423 4.17423 4.17423
1.372 4.08799 4.08799 4.08799 4.08799
1.374 4.00463 4.00463 4.00463 4.00463
1.376 3.92511 3.92511 3.92511 3.92511
1.378 3.8504 3.8504 3.8504 3.8504
1.38 3.78145 3.78145 3.78145 3.78145
1.382 3.71913 3.71913 3.71913 3.71913
1.384 3.66417 3.66417 3.66417 3.66417
1.386 3.61721 3.61721 3.61721 3.61721
1.388 3.57888 3.57888 3.57888 3.57888
1.39 3.54982 3.54982 3.54982 3.54982
1.392 3.53065 3.53065 3.53065 3.53065
1.394 3.52199 3.52199 3.52199 3.52199
1.396 3.52445 3.52445 3.52445 3.52445
1.398 3.53865 3.53865 3.53865 3.53865
1.4 3.56519 3.56519 3.56519 3.56519
1.402 3.60436 3.60436 3.60436 3.60436
1.404 3.65585 3.65585 3.65585 3.65585
1.406 3.71905 3.71905 3.71905 3.71905
1.408 3.79336 3.79336 3.79336 3.79336
1.41 3.87815 3.87815 3.87815 3.87815
1.412 3.97282 3.97282 3.97282 3.97282
1.414 4.07676 4.07676 4.07676 4.07676
1.416 4.18937 4.18937 4.18937 4.18937
1.418 4.31003 4.31003 4.31003 4.31003
1.42 4.43813 4.43813 4.43813 4.43813
1.422 4.57291 4.57291 4.57291 4.57291
1.424 4.71337 4.71337 4.71337 4.71337
1.426 4.85835 4.85835 4.85835 4.85835
1.428 5.00664 5.00664 5.00664 5.00664
1.43 5.15683 5.15683 5.15683 5.15683
1.432 5.30751 5.30751 5.30751 5.30751
1.434 5.45761 5.45761 5.45761 5.45761
1.436 5.60632 5.60632 5.60632 5.60632
1.438 5.75295 5.75295 5.75295 5.75295
1.44 5.89642 5.89642 5.89642 5.89642
1.442 6.03607 6.03607 6.03607 6.03607
1.444 6.17206 6.17206 6.17206 6.17206
1.446 6.30495 6.30495 6.30495 6.30495
1.448 6.43532 6.43532 6.43532 6.43532
1.45 6.56372 6.56372 6.56372 6.56372
1.452 6.69073 6.69073 6.69073 6.69073
1.454 6.81689 6.81689 6.81689 6.81689
1.456 6.94277 6.94277 6.94277 6.94277
1.458 7.06891 7.06891 7.06891 7.06891
1.46 7.19588 7.19588 7.19588 7.19588
1.462 7.32407 7.32407 7.32407 7.32407
1.464 7.45362 7.45362 7.45362 7.45362
1.466 7.58452 7.58452 7.58452 7.58452
1.468 7.71675 7.71675 7.71675 7.71675
1.47 7.85031 7.85031 7.85031 7.85031
1.472 7.98519 7.98519 7.98519 7.98519
1.474 8.12138 8.12138 8.12138 8.12138
1.476 8.25886 8.25886 8.25886 8.25886
1.478 8.39762 8.39762 8.39762 8.39762
1.48 8.53766 8.53766 8.53766 8.53766
1.482 8.67887 8.67887 8.67887 8.67887
1.484 8.82096 8.82096 8.82096 8.82096
1.486 8.96352 8.96352 8.96352 8.96352
1.488 9.10617 9.10617 9.10617 9.10617
1.49 9.24853 9.24853 9.24853 9.24853
1.492 9.3902 9.3902 9.3902 9.3902
1.494 9.53081 9.53081 9.53081 9.53081
1.496 9.66998 9.66998 9.66998 9.66998
1.498 9.80732 9.80732 9.80732 9.80732
1.5 9.94247 9.94247 9.94247 9.94247
1.502 10.0752 10.0752 10.0752 10.0752
1.504 10.2057 10.2057 10.2057 10.2057
1.506 10.3341 10.3341 10.3341 10.3341
1.508 10.4609 10.4609 10.4609 10.4609
1.51 10.5862 10.5862 10.5862 10.5862
1.512 10.7104 10.7104 10.7104 10.7104
1.514 10.8337 10.8337 10.8337 10.8337
1.516 10.9564 10.9564 10.9564 10.9564
1.518 11.0787 11.0787 11.0787 11.0787
1.52 11.2011 11.2011 11.2011 11.2011
1.522 11.3237 11.3237 11.3237 11.3237
1.524 11.4468 11.4468 11.4468 11.4468
1.526 11.5707 11.5707 11.5707 11.5707
1.528 11.6957 11.6957 11.6957 11.6957
1.53 11.822 11.822 11.822 11.822
1.532 11.9499 11.9499 11.9499 11.9499
1.534 12.0798 12.0798 12.0798 12.0798
1.536 12.2117 12.2117 12.2117 12.2117
1.538 12.3461 12.3461 12.3461 12.3461
1.54 12.4832 12.4832 12.4832 12.4832
1.542 12.6231 12.6231 12.6231 12.6231
1.544 12.7653 12.7653 12.7653 12.7653
1.546 12.9092 12.9092 12.9092 12.9092
1.548 13.0544 13.0544 13.0544 13.0544
1.55 13.2002 13.2002 13.2002 13.2002
1.552 13.346 13.346 13.346 13.346
1.554 13.4912 13.4912 13.4912 13.4912
1.556 13.6353 13.6353 13.6353 13.6353
1.558 13.7778 13.7778 13.7778 13.7778
1.56 13.9179 13.9179 13.9179 13.9179
1.562 14.0553 14.0553 14.0553 14.0553
1.564 14.1899 14.1899 14.1899 14.1899
1.566 14.3216 14.3216 14.3216 14.3216
1.568 14.4504 14.4504 14.4504 14.4504
1.57 14.5762 14.5762 14.5762 14.5762
1.572 14.699 14.699 14.699 14.699
1.574 14.8188 14.8188 14.8188 14.8188
1.576 14.9355 14.9355 14.9355 14.9355
1.578 15.0492 15.0492 15.0492 15.0492
1.58 15.1597 15.1597 15.1597 15.1597
1.582 15.2672 15.2672 15.2672 15.2672
1.584 15.3722 15.3722 15.3722 15.3722
1.586 15.4756 15.4756 15.4756 15.4756
1.588 15.578 15.578 15.578 15.578
1.59 15.6801 15.6801 15.6801 15.6801
1.592 15.7826 15.7826 15.7826 15.7826
1.594 15.8862 15.8862 15.8862 15.8862
1.596 15.9916 15.9916 15.9916 15.9916
1.598 16.0996 16.0996 16.0996 16.0996
1.6 16.2106 16.2106 16.2106 16.2106
1.602 16.3249 16.3249 16.3249 16.3249
1.604 16.4416 16.4416 16.4416 16.4416
1.606 16.5586 16.5586 16.5586 16.5586
1.608 16.6743 16.6743 16.6743 16.6743
1.61 16.7867 16.7867 16.7867 16.7867
1.612 16.8944 16.8944 16.8944 16.8944
1.614 16.9954 16.9954 16.9954 16.9954
1.616 17.0881 17.0881 17.0881 17.0881
1.618 17.1708 17.1708 17.1708 17.1708
1.62 17.2418 17.2418 17.2418 17.2418
1.622 17.3 17.3 17.3 17.3
1.624 17.3456 17.3456 17.3456 17.3456
1.626 17.3793 17.3793 17.3793 17.3793
1.628 17.4019 17.4019 17.4019 17.4019
1.63 17.4142 17.4142 17.4142 17.4142
1.632 17.417 17.417 17.417 17.417
1.634 17.4109 17.4109 17.4109 17.4109
1.636 17.3968 17.3968 17.3968 17.3968
1.638 17.3753 17.3753 17.3753 17.3753
1.64 17.3472 17.3472 17.3472 17.3472
1.642 17.3132 17.3132 17.3132 17.3132
1.644 17.2745 17.2745 17.2745 17.2745
1.646 17.232 17.232 17.232 17.232
1.648 17.187 17.187 17.187 17.187
1.65 17.1404 17.1404 17.1404 17.1404
1.652 17.0934 17.0934 17.0934 17.0934
1.654 17.047 17.047 17.047 17.047
1.656 17.0023 17.0023 17.0023 17.0023
1.658 16.9604 16.9604 16.9604 16.9604
1.66 16.9224 16.9224 16.9224 16.9224
1.662 16.8886 16.8886 16.8886 16.8886
1.664 16.8584 16.8584 16.8584 16.8584
1.666 16.8305 16.8305 16.8305 16.8305
1.668 16.8035 16.8035 16.8035 16.8035
1.67 16.7762 16.7762 16.7762 16.7762
1.672 16.7473 16.7473 16.7473 16.7473
1.674 16.7154 16.7154 16.7154 16.7154
1.676 16.6793 16.6793 16.6793 16.6793
1.678 16.6378 16.6378 16.6378 16.6378
1.68 16.5895 16.5895 16.5895 16.5895
1.682 16.5341 16.5341 16.5341 16.5341
1.684 16.4728 16.4728 16.4728 16.4728
1.686 16.4078 16.4078 16.4078 16.4078
1.688 16.3411 16.3411 16.3411 16.3411
1.69 16.2749 16.2749 16.2749 16.2749
1.692 16.2112 16.2112 16.2112 16.2112
1.694 16.1522 16.1522 16.1522 16.1522
1.696 16.0999 16.0999 16.0999 16.0999
1.698 16.0563 16.0563 16.0563 16.0563
1.7 16.0236 16.0236 16.0236 16.0236
1.702 16.003 16.003 16.003 16.003
1.704 15.9949 15.9949 15.9949 15.9949
1.706 15.9987 15.9987 15.9987 15.9987
1.708 16.0141 16.0141 16.0141 16.0141
1.71 16.0407 16.0407 16.0407 16.0407
1.712 16.0779 16.0779 16.0779 16.0779
1.714 16.1255 16.1255 16.1255 16.1255
1.716 16.183 16.183 16.183 16.183
1.718 16.2499 16.2499 16.2499 16.2499
1.72 16.3258 16.3258 16.3258 16.3258
1.722 16.41 16.41 16.41 16.41
1.724 16.5012 16.5012 16.5012 16.5012
1.726 16.5982 16.5982 16.5982 16.5982
1.728 16.6994 16.6994 16.6994 16.6994
1.73 16.8036 16.8036 16.8036 16.8036
1.732 16.9097 16.9097 16.9097 16.9097
1.734 17.0164 17.0164 17.0164 17.0164
1.736 17.1224 17.1224 17.1224 17.1224
1.738 17.2267 17.2267 17.2267 17.2267
1.74 17.3281 17.3281 17.3281 17.3281
1.742 17.4258 17.4258 17.4258 17.4258
1.744 17.5199 17.5199 17.5199 17.5199
1.746 17.611 17.611 17.611 17.611
1.748 17.6996 17.6996 17.6996 17.6996
1.75 17.7864 17.7864 17.7864 17.7864
1.752 17.8718 17.8718 17.8718 17.8718
1.754 17.9565 17.9565 17.9565 17.9565
1.756 18.041 18.041 18.041 18.041
1.758 18.1258 18.1258 18.1258 18.1258
1.76 18.2115 18.2115 18.2115 18.2115
1.762 18.2984 18.2984 18.2984 18.2984
1.764 18.386 18.386 18.386 18.386
1.766 18.4736 18.4736 18.4736 18.4736
1.768 18.5606 18.5606 18.5606 18.5606
1.77 18.6461 18.6461 18.6461 18.6461
1.772 18.7296 18.7296 18.7296 18.7296
1.774 18.8103 18.8103 18.8103 18.8103
1.776 18.8876 18.8876 18.8876 18.8876
1.778 18.9607 18.9607 18.9607 18.9607
1.78 19.029 19.029 19.029 19.029
1.782 19.0919 19.0919 19.0919 19.0919
1.784 19.149 19.149 19.149 19.149
1.786 19.2 19.2 19.2 19.2
1.788 19.2446 19.2446 19.2446 19.2446
1.79 19.2826 19.2826 19.2826 19.2826
1.792 19.3136 19.3136 19.3136 19.3136
1.794 19.3374 19.3374 19.3374 19.3374
1.796 19.3537 19.3537 19.3537 19.3537
1.798 19.3622 19.3622 19.3622 19.3622
1.8 19.3627 19.3627 19.3627 19.3627
1.802 19.3551 19.3551 19.3551 19.3551
1.804 19.3399 19.3399 19.3399 19.3399
1.806 19.3176 19.3176 19.3176 19.3176
1.808 19.2889 19.2889 19.2889 19.2889
1.81 19.2545 19.2545 19.2545 19.2545
1.812 19.2151 19.2151 19.2151 19.2151
1.814 19.1713 19.1713 19.1713 19.1713
1.816 19.1239 19.1239 19.1239 19.1239
1.818 19.0735 19.0735 19.0735 19.0735
1.82 19.0209 19.0209 19.0209 19.0209
1.822 18.9667 18.9667 18.9667 18.9667
1.824 18.9116 18.9116 18.9116 18.9116
1.826 18.8565 18.8565 18.8565 18.8565
1.828 18.802 18.802 18.802 18.802
1.83 18.7489 18.7489 18.7489 18.7489
1.832 18.698 18.698 18.698 18.698
1.834 18.6499 18.6499 18.6499 18.6499
1.836 18.6054 18.6054 18.6054 18.6054
1.838 18.5652 18.5652 18.5652 18.5652
1.84 18.5301 18.5301 18.5301 18.5301
1.842 18.5006 18.5006 18.5006 18.5006
1.844 18.4772 18.4772 18.4772 18.4772
1.846 18.46 18.46 18.46 18.46
1.848 18.4494 18.4494 18.4494 18.4494
1.85 18.4456 18.4456 18.4456 18.4456
1.852 18.4489 18.4489 18.4489 18.4489
1.854 18.4595 18.4595 18.4595 18.4595
1.856 18.4777 18.4777 18.4777 18.4777
1.858 18.5037 18.5037 18.5037 18.5037
1.86 18.5378 18.5378 18.5378 18.5378
1.862 18.58 18.58 18.58 18.58
1.864 18.6302 18.6302 18.6302 18.6302
1.866 18.688 18.688 18.688 18.688
1.868 18.7528 18.7528 18.7528 18.7528
1.87 18.8243 18.8243 18.8243 18.8243
1.872 18.9021 18.9021 18.9021 18.9021
1.874 18.9854 18.9854 18.9854 18.9854
1.876 19.0743 19.0743 19.0743 19.0743
1.878 19.1686 19.1686 19.1686 19.1686
1.88 19.268 19.268 19.268 19.268
1.882 19.3722 19.3722 19.3722 19.3722
1.884 19.4802 19.4802 19.4802 19.4802
1.886 19.5913 19.5913 19.5913 19.5913
1.888 19.7044 19.7044 19.7044 19.7044
1.89 19.8187 19.8187 19.8187 19.8187
1.892 19.9332 19.9332 19.9332 19.9332
1.894 20.0469 20.0469 20.0469 20.0469
1.896 20.1591 20.1591 20.1591 20.1591
1.898 20.2687 20.2687 20.2687 20.2687
1.9 20.3748 20.3748 20.3748 20.3748
1.902 20.4769 20.4769 20.4769 20.4769
1.904 20.5746 20.5746 20.5746 20.5746
1.906 20.6685 20.6685 20.6685 20.6685
1.908 20.7585 20.7585 20.7585 20.7585
1.91 20.8448 20.8448 20.8448 20.8448
1.912 20.9276 20.9276 20.9276 20.9276
1.914 21.0069 21.0069 21.0069 21.0069
1.916 21.083 21.083 21.083 21.083
1.918 21.1557 21.1557 21.1557 21.1557
1.92 21.2257 21.2257 21.2257 21.2257
1.922 21.2931 21.2931 21.2931 21.2931
1.924 21.3589 21.3589 21.3589 21.3589
1.926 21.424 21.424 21.424 21.424
1.928 21.4897 21.4897 21.4897 21.4897
1.93 21.5569 21.5569 21.5569 21.5569
1.932 21.6269 21.6269 21.6269 21.6269
1.934 21.7006 21.7006 21.7006 21.7006
1.936 21.7792 21.7792 21.7792 21.7792
1.938 21.8637 21.8637 21.8637 21.8637
1.94 21.9552 21.9552 21.9552 21.9552
1.942 22.0542 22.0542 22.0542 22.0542
1.944 22.1602 22.1602 22.1602 22.1602
1.946 22.2724 22.2724 22.2724 22.2724
1.948 22.3898 22.3898 22.3898 22.3898
1.95 22.5113 22.5113 22.5113 22.5113
1.952 22.6362 22.6362 22.6362 22.6362
1.954 22.7633 22.7633 22.7633 22.7633
1.956 22.8918 22.8918 22.8918 22.8918
1.958 23.0208 23.0208 23.0208 23.0208
1.96 23.1492 23.1492 23.1492 23.1492
1.962 23.2762 23.2762 23.2762 23.2762
1.964 23.4002 23.4002 23.4002 23.4002
1.966 23.5197 23.5197 23.5197 23.5197
1.968 23.6332 23.6332 23.6332 23.6332
1.97 23.7391 23.7391 23.7391 23.7391
1.972 23.8361 23.8361 23.8361 23.8361
1.974 23.9224 23.9224 23.9224 23.9224
1.976 23.9968 23.9968 23.9968 23.9968
1.978 24.0576 24.0576 24.0576 24.0576
1.98 24.1034 24.1034 24.1034 24.1034
1.982 24.1334 24.1334 24.1334 24.1334
1.984 24.148 24.148 24.148 24.148
1.986 24.1483 24.1483 24.1483 24.1483
1.988 24.1353 24.1353 24.1353 24.1353
1.99 24.1098 24.1098 24.1098 24.1098
1.992 24.0729 24.0729 24.0729 24.0729
1.994 24.0256 24.0256 24.0256 24.0256
1.996 23.969 23.969 23.969 23.969
1.998 23.9042 23.9042 23.9042 23.9042
2 23.8322 23.8322 23.8322 23.8322
2.002 23.7541 23.7541 23.7541 23.7541
2.004 23.6705 23.6705 23.6705 23.6705
2.006 23.5821 23.5821 23.5821 23.5821
2.008 23.4894 23.4894 23.4894 23.4894
2.01 23.3931 23.3931 23.3931 23.3931
2.012 23.2937 23.2937 23.2937 23.2937
2.014 23.1919 23.1919 23.1919 23.1919
2.016 23.0883 23.0883 23.0883 23.0883
2.018 22.9834 22.9834 22.9834 22.9834
2.02 22.8779 22.8779 22.8779 22.8779
2.022 22.7721 22.7721 22.7721 22.7721
2.024 22.6663 22.6663 22.6663 22.6663
2.026 22.5606 22.5606 22.5606 22.5606
2.028 22.4551 22.4551 22.4551 22.4551
2.03 22.3498 22.3498 22.3498 22.3498
2.032 22.2448 22.2448 22.2448 22.2448
2.034 22.1401 22.1401 22.1401 22.1401
2.036 22.036 22.036 22.036 22.036
2.038 21.9324 21.9324 21.9324 21.9324
2.04 21.8293 21.8293 21.8293 21.8293
2.042 21.7271 21.7271 21.7271 21.7271
2.044 21.6261 21.6261 21.6261 21.6261
2.046 21.5267 21.5267 21.5267 21.5267
2.048 21.4295 21.4295 21.4295 21.4295
2.05 21.3349 21.3349 21.3349 21.3349
2.052 21.2434 21.2434 21.2434 21.2434
2.054 21.1556 21.1556 21.1556 21.1556
2.056 21.0717 21.0717 21.0717 21.0717
2.058 20.9925 20.9925 20.9925 20.9925
2.06 20.9182 20.9182 20.9182 20.9182
2.062 20.8492 20.8492 20.8492 20.8492
2.064 20.7849 20.7849 20.7849 20.7849
2.066 20.7249 20.7249 20.7249 20.7249
2.068 20.6684 20.6684 20.6684 20.6684
2.07 20.6147 20.6147 20.6147 20.6147
2.072 20.5634 20.5634 20.5634 20.5634
2.074 20.5137 20.5137 20.5137 20.5137
2.076 20.465 20.465 20.465 20.465
2.078 20.4167 20.4167 20.4167 20.4167
2.08 20.3681 20.3681 20.3681 20.3681
2.082 20.3192 20.3192 20.3192 20.3192
2.084 20.2708 20.2708 20.2708 20.2708
2.086 20.2245 20.2245 20.2245 20.2245
2.088 20.1816 20.1816 20.1816 20.1816
2.09 20.1437 20.1437 20.1437 20.1437
2.092 20.112 20.112 20.112 20.112
2.094 20.088 20.088 20.088 20.088
2.096 20.0732 20.0732 20.0732 20.0732
2.098 20.0689 20.0689 20.0689 20.0689
2.1 20.0764 20.0764 20.0764 20.0764
2.102 20.097 20.097 20.097 20.097
2.104 20.131 20.131 20.131 20.131
2.106 20.1788 20.1788 20.1788 20.1788
2.108 20.2404 20.2404 20.2404 20.2404
2.11 20.3162 20.3162 20.3162 20.3162
2.112 20.4063 20.4063 20.4063 20.4063
2.114 20.511 20.511 20.511 20.511
2.116 20.6304 20.6304 20.6304 20.6304
2.118 20.7647 20.7647 20.7647 20.7647
2.12 20.9141 20.9141 20.9141 20.9141
2.122 21.0784 21.0784 21.0784 21.0784
2.124 21.2566 21.2566 21.2566 21.2566
2.126 21.4474 21.4474 21.4474 21.4474
2.128 21.6494 21.6494 21.6494 21.6494
2.13 21.8612 21.8612 21.8612 21.8612
2.132 22.0815 22.0815 22.0815 22.0815
2.134 22.3089 22.3089 22.3089 22.3089
2.136 22.5422 22.5422 22.5422 22.5422
2.138 22.7798 22.7798 22.7798 22.7798
2.14 23.0203 23.0203 23.0203 23.0203
2.142 23.263 23.263 23.263 23.263
2.144 23.5072 23.5072 23.5072 23.5072
2.146 23.7517 23.7517 23.7517 23.7517
2.148 23.9947 23.9947 23.9947 23.9947
2.15 24.2394 24.2394 24.2394 24.2394
2.152 24.4867 24.4867 24.4867 24.4867
2.154 24.7369 24.7369 24.7369 24.7369
2.156 24.99 24.99 24.99 24.99
2.158 25.2462 25.2462 25.2462 25.2462
2.16 25.5059 25.5059 25.5059 25.5059
2.162 25.7686 25.7686 25.7686 25.7686
2.164 26.0342 26.0342 26.0342 26.0342
2.166 26.3016 26.3016 26.3016 26.3016
2.168 26.5713 26.5713 26.5713 26.5713
2.17 26.8421 26.8421 26.8421 26.8421
2.172 27.1133 27.1133 27.1133 27.1133
2.174 27.3847 27.3847 27.3847 27.3847
2.176 27.6556 27.6556 27.6556 27.6556
2.178 27.9256 27.9256 27.9256 27.9256
2.18 28.1939 28.1939 28.1939 28.1939
2.182 28.46 28.46 28.46 28.46
2.184 28.7229 28.7229 28.7229 28.7229
2.186 28.9815 28.9815 28.9815 28.9815
2.188 29.2349 29.2349 29.2349 29.2349
2.19 29.4821 29.4821 29.4821 29.4821
2.192 29.7221 29.7221 29.7221 29.7221
2.194 29.9537 29.9537 29.9537 29.9537
2.196 30.176 30.176 30.176 30.176
2.198 30.3881 30.3881 30.3881 30.3881
2.2 30.589 30.589 30.589 30.589
2.202 30.7778 30.7778 30.7778 30.7778
2.204 30.9538 30.9538 30.9538 30.9538
2.206 31.1163 31.1163 31.1163 31.1163
2.208 31.2653 31.2653 31.2653 31.2653
2.21 31.4001 31.4001 31.4001 31.4001
2.212 31.5202 31.5202 31.5202 31.5202
2.214 31.6249 31.6249 31.6249 31.6249
2.216 31.7139 31.7139 31.7139 31.7139
2.218 31.7867 31.7867 31.7867 31.7867
2.22 31.8429 31.8429 31.8429 31.8429
2.222 31.8824 31.8824 31.8824 31.8824
2.224 31.9063 31.9063 31.9063 31.9063
2.226 31.9159 31.9159 31.9159 31.9159
2.228 31.9126 31.9126 31.9126 31.9126
2.23 31.8976 31.8976 31.8976 31.8976
2.232 31.8721 31.8721 31.8721 31.8721
2.234 31.8377 31.8377 31.8377 31.8377
2.236 31.7959 31.7959 31.7959 31.7959
2.238 31.748 31.748 31.748 31.748
2.24 31.6955 31.6955 31.6955 31.6955
2.242 31.6399 31.6399 31.6399 31.6399
2.244 31.5825 31.5825 31.5825 31.5825
2.246 31.5247 31.5247 31.5247 31.5247
2.248 31.468 31.468 31.468 31.468
2.25 31.4135 31.4135 31.4135 31.4135
2.252 31.3627 31.3627 31.3627 31.3627
2.254 31.3169 31.3169 31.3169 31.3169
2.256 31.2774 31.2774 31.2774 31.2774
2.258 31.2456 31.2456 31.2456 31.2456
2.26 31.2227 31.2227 31.2227 31.2227
2.262 31.2094 31.2094 31.2094 31.2094
2.264 31.2053 31.2053 31.2053 31.2053
2.266 31.2093 31.2093 31.2093 31.2093
2.268 31.2203 31.2203 31.2203 31.2203
2.27 31.2372 31.2372 31.2372 31.2372
2.272 31.2589 31.2589 31.2589 31.2589
2.274 31.2844 31.2844 31.2844 31.2844
2.276 31.3125 31.3125 31.3125 31.3125
2.278 31.3423 31.3423 31.3423 31.3423
2.28 31.3727 31.3727 31.3727 31.3727
2.282 31.4026 31.4026 31.4026 31.4026
